

> xmlui-animations@0.1.15 build:meta
> xmlui build-lib --mode=metadata

[1G[0K[36mvite v7.1.12 [32mbuilding for production...[36m[39m
[2K[1Gtransforming (1) [2mmeta/componentsMetadata.ts[2K[1Gtransforming (11) [2mnode_modules/@react-sprin[2K[1Gtransforming (16) [2m../../node_modules/react/[2K[1Gtransforming (43) [2m../../xmlui/src/component[2K[1Gtransforming (76) [2m../../node_modules/classn[2K[1G[33m../../node_modules/@radix-ui/react-tabs/dist/index.mjs (1:0): Module level directives cause errors when bundled, "use client" in "../../node_modules/@radix-ui/react-tabs/dist/index.mjs" was ignored.[39m
[2K[1Gtransforming (82) [2m../../node_modules/@tanst[2K[1G[33m../../node_modules/react-helmet-async/lib/index.module.js (1:7186): A comment

"/*#__PURE__*/"

in "../../node_modules/react-helmet-async/lib/index.module.js" contains an annotation that Rollup cannot interpret due to the position of the comment. The comment will be removed to avoid issues.[39m
[2K[1G[33m../../node_modules/react-helmet-async/lib/index.module.js (1:13561): A comment

"/*#__PURE__*/"

in "../../node_modules/react-helmet-async/lib/index.module.js" contains an annotation that Rollup cannot interpret due to the position of the comment. The comment will be removed to avoid issues.[39m
[2K[1G[33m../../node_modules/@tanstack/react-query/build/lib/useQueries.mjs (1:0): Module level directives cause errors when bundled, "use client" in "../../node_modules/@tanstack/react-query/build/lib/useQueries.mjs" was ignored.[39m
[2K[1G[33m../../node_modules/@tanstack/react-query/build/lib/useQuery.mjs (1:0): Module level directives cause errors when bundled, "use client" in "../../node_modules/@tanstack/react-query/build/lib/useQuery.mjs" was ignored.[39m
[2K[1G[33m../../node_modules/@tanstack/react-query/build/lib/Hydrate.mjs (1:0): Module level directives cause errors when bundled, "use client" in "../../node_modules/@tanstack/react-query/build/lib/Hydrate.mjs" was ignored.[39m
[2K[1G[33m../../node_modules/@tanstack/react-query/build/lib/QueryErrorResetBoundary.mjs (1:0): Module level directives cause errors when bundled, "use client" in "../../node_modules/@tanstack/react-query/build/lib/QueryErrorResetBoundary.mjs" was ignored.[39m
[2K[1G[33m../../node_modules/@tanstack/react-query/build/lib/useIsFetching.mjs (1:0): Module level directives cause errors when bundled, "use client" in "../../node_modules/@tanstack/react-query/build/lib/useIsFetching.mjs" was ignored.[39m
[2K[1G[33m../../node_modules/@tanstack/react-query/build/lib/useIsMutating.mjs (1:0): Module level directives cause errors when bundled, "use client" in "../../node_modules/@tanstack/react-query/build/lib/useIsMutating.mjs" was ignored.[39m
[2K[1G[33m../../node_modules/@tanstack/react-query/build/lib/useInfiniteQuery.mjs (1:0): Module level directives cause errors when bundled, "use client" in "../../node_modules/@tanstack/react-query/build/lib/useInfiniteQuery.mjs" was ignored.[39m
[2K[1G[33m../../node_modules/@tanstack/react-query/build/lib/isRestoring.mjs (1:0): Module level directives cause errors when bundled, "use client" in "../../node_modules/@tanstack/react-query/build/lib/isRestoring.mjs" was ignored.[39m
[2K[1Gtransforming (96) [2m../../node_modules/lodash[2K[1G[33m../../node_modules/@tanstack/react-query/build/lib/useMutation.mjs (1:0): Module level directives cause errors when bundled, "use client" in "../../node_modules/@tanstack/react-query/build/lib/useMutation.mjs" was ignored.[39m
[2K[1G[33m../../node_modules/@radix-ui/react-tooltip/dist/index.mjs (1:0): Module level directives cause errors when bundled, "use client" in "../../node_modules/@radix-ui/react-tooltip/dist/index.mjs" was ignored.[39m
[2K[1G[33m../../node_modules/@radix-ui/react-dropdown-menu/dist/index.mjs (1:0): Module level directives cause errors when bundled, "use client" in "../../node_modules/@radix-ui/react-dropdown-menu/dist/index.mjs" was ignored.[39m
[2K[1G[33m../../node_modules/@tanstack/react-query/build/lib/QueryClientProvider.mjs (1:0): Module level directives cause errors when bundled, "use client" in "../../node_modules/@tanstack/react-query/build/lib/QueryClientProvider.mjs" was ignored.[39m
[2K[1Gtransforming (669) [2m../../node_modules/immer[2K[1Gtransforming (689) [2m../../node_modules/@radi[2K[1G[33m../../node_modules/@radix-ui/react-presence/dist/index.mjs (1:0): Module level directives cause errors when bundled, "use client" in "../../node_modules/@radix-ui/react-presence/dist/index.mjs" was ignored.[39m
[2K[1G[33m../../node_modules/@radix-ui/react-roving-focus/dist/index.mjs (1:0): Module level directives cause errors when bundled, "use client" in "../../node_modules/@radix-ui/react-roving-focus/dist/index.mjs" was ignored.[39m
[2K[1G[33m../../node_modules/@tanstack/react-query/build/lib/reactBatchedUpdates.mjs (1:0): Module level directives cause errors when bundled, "use client" in "../../node_modules/@tanstack/react-query/build/lib/reactBatchedUpdates.mjs" was ignored.[39m
[2K[1G[33m../../node_modules/@tanstack/react-query/build/lib/useSyncExternalStore.mjs (1:0): Module level directives cause errors when bundled, "use client" in "../../node_modules/@tanstack/react-query/build/lib/useSyncExternalStore.mjs" was ignored.[39m
[2K[1G[33m../../node_modules/@tanstack/react-query/build/lib/errorBoundaryUtils.mjs (1:0): Module level directives cause errors when bundled, "use client" in "../../node_modules/@tanstack/react-query/build/lib/errorBoundaryUtils.mjs" was ignored.[39m
[2K[1G[33m../../node_modules/@tanstack/react-query/build/lib/useBaseQuery.mjs (1:0): Module level directives cause errors when bundled, "use client" in "../../node_modules/@tanstack/react-query/build/lib/useBaseQuery.mjs" was ignored.[39m
[2K[1Gtransforming (734) [2m../../node_modules/lodas[2K[1G[33m../../node_modules/@radix-ui/react-popper/dist/index.mjs (1:0): Module level directives cause errors when bundled, "use client" in "../../node_modules/@radix-ui/react-popper/dist/index.mjs" was ignored.[39m
[2K[1G[33m../../node_modules/@radix-ui/react-dismissable-layer/dist/index.mjs (1:0): Module level directives cause errors when bundled, "use client" in "../../node_modules/@radix-ui/react-dismissable-layer/dist/index.mjs" was ignored.[39m
[2K[1G[33m../../node_modules/@radix-ui/react-portal/dist/index.mjs (1:0): Module level directives cause errors when bundled, "use client" in "../../node_modules/@radix-ui/react-portal/dist/index.mjs" was ignored.[39m
[2K[1G[33m../../node_modules/@radix-ui/react-menu/dist/index.mjs (1:0): Module level directives cause errors when bundled, "use client" in "../../node_modules/@radix-ui/react-menu/dist/index.mjs" was ignored.[39m
[2K[1Gtransforming (945) [2m../../node_modules/simpl[2K[1G[33m../../node_modules/react-hot-toast/dist/index.mjs (1:0): Module level directives cause errors when bundled, "use client" in "../../node_modules/react-hot-toast/dist/index.mjs" was ignored.[39m
[2K[1Gtransforming (953) [2m../../node_modules/simpl[2K[1Gtransforming (958) [2m../../node_modules/@radi[2K[1Gtransforming (980) [2m../../node_modules/@tans[2K[1G[33m../../node_modules/@radix-ui/react-collection/dist/index.mjs (1:0): Module level directives cause errors when bundled, "use client" in "../../node_modules/@radix-ui/react-collection/dist/index.mjs" was ignored.[39m
[2K[1Gtransforming (992) [2m../../node_modules/lodas[2K[1G[33m../../node_modules/@radix-ui/react-focus-guards/dist/index.mjs (1:0): Module level directives cause errors when bundled, "use client" in "../../node_modules/@radix-ui/react-focus-guards/dist/index.mjs" was ignored.[39m
[2K[1G[33m../../node_modules/@radix-ui/react-focus-scope/dist/index.mjs (1:0): Module level directives cause errors when bundled, "use client" in "../../node_modules/@radix-ui/react-focus-scope/dist/index.mjs" was ignored.[39m
[2K[1Gtransforming (1139) [2m../../node_modules/over[2K[1Gtransforming (1165) [2m../../node_modules/loda[2K[1Gtransforming (1225) [2m../../node_modules/reac[2K[1Gtransforming (1234) [2m../../node_modules/@rem[2K[1Gtransforming (1265) [2m../../node_modules/loda[2K[1Gtransforming (1301) [2m../../node_modules/prop[2K[1Gtransforming (1476) [2m../../node_modules/reac[2K[1G[33m../../node_modules/@radix-ui/react-radio-group/dist/index.mjs (1:0): Module level directives cause errors when bundled, "use client" in "../../node_modules/@radix-ui/react-radio-group/dist/index.mjs" was ignored.[39m
[2K[1Gtransforming (1521) [2m../../xmlui/src/compone[2K[1Gtransforming (1718) [2m../../node_modules/reac[2K[1Gtransforming (1795) [2m../../node_modules/@pop[2K[1Gtransforming (1823) [2m../../node_modules/devl[2K[1Gtransforming (1852) [2m../../node_modules/@pop[2K[1Gtransforming (1904) [2m../../node_modules/hast[2K[1G[33m../../node_modules/framer-motion/dist/es/index.mjs (1:0): Module level directives cause errors when bundled, "use client" in "../../node_modules/framer-motion/dist/es/index.mjs" was ignored.[39m
[2K[1Gtransforming (1942) [2m../../node_modules/@pop[2K[1Gtransforming (1968) [2m../../node_modules/grap[2K[1Gtransforming (2080) [2m../../node_modules/@pop[2K[1Gtransforming (2168) [2m../../node_modules/comm[2K[1G[33m../../node_modules/framer-motion/dist/es/components/LazyMotion/index.mjs (1:0): Module level directives cause errors when bundled, "use client" in "../../node_modules/framer-motion/dist/es/components/LazyMotion/index.mjs" was ignored.[39m
[2K[1G[33m../../node_modules/framer-motion/dist/es/components/MotionConfig/index.mjs (1:0): Module level directives cause errors when bundled, "use client" in "../../node_modules/framer-motion/dist/es/components/MotionConfig/index.mjs" was ignored.[39m
[2K[1G[33m../../node_modules/framer-motion/dist/es/components/LayoutGroup/index.mjs (1:0): Module level directives cause errors when bundled, "use client" in "../../node_modules/framer-motion/dist/es/components/LayoutGroup/index.mjs" was ignored.[39m
[2K[1G[33m../../node_modules/framer-motion/dist/es/context/LayoutGroupContext.mjs (1:0): Module level directives cause errors when bundled, "use client" in "../../node_modules/framer-motion/dist/es/context/LayoutGroupContext.mjs" was ignored.[39m
[2K[1G[33m../../node_modules/framer-motion/dist/es/context/MotionConfigContext.mjs (1:0): Module level directives cause errors when bundled, "use client" in "../../node_modules/framer-motion/dist/es/context/MotionConfigContext.mjs" was ignored.[39m
[2K[1G[33m../../node_modules/framer-motion/dist/es/context/MotionContext/index.mjs (1:0): Module level directives cause errors when bundled, "use client" in "../../node_modules/framer-motion/dist/es/context/MotionContext/index.mjs" was ignored.[39m
[2K[1G[33m../../node_modules/framer-motion/dist/es/context/PresenceContext.mjs (1:0): Module level directives cause errors when bundled, "use client" in "../../node_modules/framer-motion/dist/es/context/PresenceContext.mjs" was ignored.[39m
[2K[1G[33m../../node_modules/framer-motion/dist/es/context/SwitchLayoutGroupContext.mjs (1:0): Module level directives cause errors when bundled, "use client" in "../../node_modules/framer-motion/dist/es/context/SwitchLayoutGroupContext.mjs" was ignored.[39m
[2K[1Gtransforming (2225) [2m../../xmlui/src/compone[2K[1Gtransforming (2238) [2m../../node_modules/@pop[2K[1Gtransforming (2267) [2m../../node_modules/grap[2K[1Gtransforming (2467) [2m../../node_modules/hast[2K[1G[33m../../node_modules/framer-motion/dist/es/context/LazyContext.mjs (1:0): Module level directives cause errors when bundled, "use client" in "../../node_modules/framer-motion/dist/es/context/LazyContext.mjs" was ignored.[39m
[2K[1G[33m../../node_modules/framer-motion/dist/es/components/Reorder/Group.mjs (1:0): Module level directives cause errors when bundled, "use client" in "../../node_modules/framer-motion/dist/es/components/Reorder/Group.mjs" was ignored.[39m
[2K[1G[33m../../node_modules/framer-motion/dist/es/components/Reorder/Item.mjs (1:0): Module level directives cause errors when bundled, "use client" in "../../node_modules/framer-motion/dist/es/components/Reorder/Item.mjs" was ignored.[39m
[2K[1G[33m../../node_modules/@radix-ui/react-dialog/dist/index.mjs (1:0): Module level directives cause errors when bundled, "use client" in "../../node_modules/@radix-ui/react-dialog/dist/index.mjs" was ignored.[39m
[2K[1Gtransforming (2545) [2m../../node_modules/dexi[2K[1G[33m../../node_modules/@radix-ui/react-hover-card/dist/index.mjs (1:0): Module level directives cause errors when bundled, "use client" in "../../node_modules/@radix-ui/react-hover-card/dist/index.mjs" was ignored.[39m
[2K[1Gtransforming (2560) [2m../../node_modules/styl[2K[1G[33m../../node_modules/@radix-ui/react-popover/dist/index.mjs (1:0): Module level directives cause errors when bundled, "use client" in "../../node_modules/@radix-ui/react-popover/dist/index.mjs" was ignored.[39m
[2K[1Gtransforming (2571) [2m../../node_modules/styl[2K[1G[33m../../node_modules/virtua/lib/index.js (1:0): Module level directives cause errors when bundled, "use client" in "../../node_modules/virtua/lib/index.js" was ignored.[39m
[2K[1G[33m../../node_modules/framer-motion/dist/es/motion/features/layout/MeasureLayout.mjs (1:0): Module level directives cause errors when bundled, "use client" in "../../node_modules/framer-motion/dist/es/motion/features/layout/MeasureLayout.mjs" was ignored.[39m
[2K[1G[33m../../node_modules/framer-motion/dist/es/context/ReorderContext.mjs (1:0): Module level directives cause errors when bundled, "use client" in "../../node_modules/framer-motion/dist/es/context/ReorderContext.mjs" was ignored.[39m
[2K[1Gtransforming (2723) [2m../../node_modules/file[2K[1Gtransforming (2729) [2m../../node_modules/@rad[2K[1G[33m../../node_modules/@radix-ui/react-accordion/dist/index.mjs (1:0): Module level directives cause errors when bundled, "use client" in "../../node_modules/@radix-ui/react-accordion/dist/index.mjs" was ignored.[39m
[2K[1G[33m../../node_modules/@radix-ui/react-slider/dist/index.mjs (1:0): Module level directives cause errors when bundled, "use client" in "../../node_modules/@radix-ui/react-slider/dist/index.mjs" was ignored.[39m
[2K[1Gtransforming (2770) [2m../../node_modules/@tan[2K[1G[33m../../node_modules/framer-motion/dist/es/components/AnimatePresence/index.mjs (1:0): Module level directives cause errors when bundled, "use client" in "../../node_modules/framer-motion/dist/es/components/AnimatePresence/index.mjs" was ignored.[39m
[2K[1G[33m../../node_modules/framer-motion/dist/es/motion/index.mjs (1:0): Module level directives cause errors when bundled, "use client" in "../../node_modules/framer-motion/dist/es/motion/index.mjs" was ignored.[39m
[2K[1Gtransforming (2846) [2m../../node_modules/micr[2K[1Gtransforming (2905) [2m../../node_modules/@rad[2K[1G[33m../../node_modules/@radix-ui/react-collapsible/dist/index.mjs (1:0): Module level directives cause errors when bundled, "use client" in "../../node_modules/@radix-ui/react-collapsible/dist/index.mjs" was ignored.[39m
[2K[1G[33m../../node_modules/framer-motion/dist/es/components/AnimatePresence/PresenceChild.mjs (1:0): Module level directives cause errors when bundled, "use client" in "../../node_modules/framer-motion/dist/es/components/AnimatePresence/PresenceChild.mjs" was ignored.[39m
[2K[1Gtransforming (3006) [2m../../node_modules/fram[2K[1G[33m../../node_modules/@radix-ui/react-select/dist/index.mjs (1:0): Module level directives cause errors when bundled, "use client" in "../../node_modules/@radix-ui/react-select/dist/index.mjs" was ignored.[39m
[2K[1Gtransforming (3178) [2m../../node_modules/get-[2K[1Gtransforming (3186) [2m../../node_modules/reac[2K[1G[33m../../node_modules/framer-motion/dist/es/components/AnimatePresence/PopChild.mjs (1:0): Module level directives cause errors when bundled, "use client" in "../../node_modules/framer-motion/dist/es/components/AnimatePresence/PopChild.mjs" was ignored.[39m
[2K[1Gtransforming (3217) [2m../../node_modules/fram[2K[1Gtransforming (3326) [2m../../node_modules/reac[2K[1Gtransforming (3588) [2m../../node_modules/fram[2K[1Gtransforming (3635) [2m../../node_modules/mimi[2K[1Gtransforming (3666) [2m../../node_modules/loda[2K[1Gtransforming (3774) [2m../../node_modules/rech[2K[1Gtransforming (3875) [2m../../node_modules/loda[2K[1Gtransforming (3913) [2m../../node_modules/loda[2K[1Gtransforming (4072) [2m../../node_modules/loda[2K[1G[2K[1G[2K[1G[2K[1G[2K[1G[2K[1G[2K[1G[2K[1G[2K[1G[2K[1G[2K[1G[2K[1G[2K[1G[2K[1G[2K[1G[2K[1G[2K[1G[32m✓[39m 4220 modules transformed.
[2K[1Grendering chunks (1)...[2K[1G[2K[1Gcomputing gzip size (0)...[2K[1Gcomputing gzip size (1)...[2K[1G[2mdist/[22m[36mxmlui-animations-metadata.js  [39m[1m[33m762.84 kB[39m[22m[2m │ gzip: 183.39 kB[22m
[2K[1Grendering chunks (1)...[2K[1G[2K[1Gcomputing gzip size (1)...[2K[1G[2mdist/[22m[36mxmlui-animations-metadata.umd.cjs  [39m[1m[2m485.34 kB[22m[1m[22m[2m │ gzip: 152.15 kB[22m
[32m✓ built in 21.24s[39m
[1G[0K⠙[1G[0K
