
> xmlui-gauge@0.1.1 build:extension
> xmlui build-lib

[36mvite v8.1.0 [32mbuilding client environment for production...[36m[39m
[2Ktransforming (8) [2msrc/Gauge.module.scss[0m[2K[32m✓[0m 9 modules transformed.
[2Krendering chunks (1)...[2Krendering chunks (2)...[2Kcomputing gzip size...
[2K[2mdist/[0m[35mxmlui-gauge.css          [0m[1;2m2,020.64 kB[0m[2m │ gzip: 526.92 kB[0m
[2mdist/[0m[36mxmlui-gauge.mjs          [0m[1;2m    6.80 kB[0m[2m │ gzip:   2.67 kB[0m
[2mdist/[0m[36msmart.gauge-0wBrSdzA.js  [0m[33;1m  612.26 kB[0m[2m │ gzip: 149.88 kB[0m

[2K[1G[33m[33m[EVAL] [0mUse of direct `eval` function is strongly discouraged as it poses security risks and may cause issues with minification.
 - Use of direct `eval` here. in ../../node_modules/smart-webcomponents-react/source/modules/smart.gauge.js at 152251..152255
 [38;5;240m │[0m 
 [38;5;240m │[0m [38;5;115mHelp[0m: Consider using indirect eval. For more information, check the documentation: https://rolldown.rs/guide/troubleshooting#avoiding-direct-eval
[39m
[2Ktransforming (8) [2msrc/Gauge.module.scss[0m[2K[32m✓[0m 9 modules transformed.
[2Krendering chunks (1)...[2Krendering chunks (2)...[2Kcomputing gzip size...
[2K[2mdist/[0m[35mxmlui-gauge.css           [0m[1;2m2,020.64 kB[0m[2m │ gzip: 526.92 kB[0m
[2mdist/[0m[36mxmlui-gauge.js            [0m[1;2m    5.54 kB[0m[2m │ gzip:   2.35 kB[0m
[2mdist/[0m[36msmart.gauge-COkMM-NN.cjs  [0m[1;2m  463.65 kB[0m[2m │ gzip: 136.57 kB[0m

[2K[1G[33m[33m[EVAL] [0mUse of direct `eval` function is strongly discouraged as it poses security risks and may cause issues with minification.
 - Use of direct `eval` here. in ../../node_modules/smart-webcomponents-react/source/modules/smart.gauge.js at 152251..152255
 [38;5;240m │[0m 
 [38;5;240m │[0m [38;5;115mHelp[0m: Consider using indirect eval. For more information, check the documentation: https://rolldown.rs/guide/troubleshooting#avoiding-direct-eval
[39m
[32m✓ built in 993ms[39m
⠙[1G[0K
