
> xmlui@0.12.29 build:xmlui-standalone
> vite build --mode standalone

vite v8.0.9 building client environment for standalone...
[plugin rolldown:vite-resolve] Module "fs" has been externalized for browser compatibility, imported by "/home/ez/code/work/xmlui/xmlui/src/components-core/udc-sandbox/manifest.ts". See https://vite.dev/guide/troubleshooting.html#module-externalized-for-browser-compatibility for more details.
[plugin rolldown:vite-resolve] Module "path" has been externalized for browser compatibility, imported by "/home/ez/code/work/xmlui/xmlui/src/components-core/udc-sandbox/manifest.ts". See https://vite.dev/guide/troubleshooting.html#module-externalized-for-browser-compatibility for more details.
[2Ktransforming...✓ 3334 modules transformed.
rendering chunks...
[lightningcss minify] 'export' is not recognized as a valid pseudo-class. Did you mean '::export' (pseudo-element) or is this a typo?
8688 |      z-index: 1;
8689 |    }
8690 |    :export {
     |     ^
8691 |      themeVars: '{"backgroundColor-List": "var(--xmlui-backgroundColor-List)", "backgroundColor-selected-List": "var(-...
8692 |    }
[lightningcss minify] 'export' is not recognized as a valid pseudo-class. Did you mean '::export' (pseudo-element) or is this a typo?
13161 |      background: var(--xmlui-color-primary-500);
13162 |    }
13163 |    :export {
      |     ^
13164 |      themeVars: "[]";
13165 |    }
[lightningcss minify] 'export' is not recognized as a valid pseudo-class. Did you mean '::export' (pseudo-element) or is this a typo?
13233 |      height: 100%;
13234 |    }
13235 |    :export {
      |     ^
13236 |      themeVars: '{"color-icon-Inspector": "var(--xmlui-color-icon-Inspector)", "backgroundColor-dialog-Inspector": "va...
13237 |    }

[vite:dts] Start generate declaration files...
[96msrc/components/Table/TableReact.tsx[0m:[93m67[0m:[93m13[0m - [91merror[0m[90m TS2428: [0mAll declarations of 'TableMeta' must have identical type parameters.

[7m67[0m   interface TableMeta<TData extends RowData> {
[7m  [0m [91m            ~~~~~~~~~[0m
[96msrc/components/Table/TableReact.tsx[0m:[93m72[0m:[93m13[0m - [91merror[0m[90m TS2428: [0mAll declarations of 'ColumnMeta' must have identical type parameters.

[7m72[0m   interface ColumnMeta<TData extends RowData, TValue> {
[7m  [0m [91m            ~~~~~~~~~~[0m
[96msrc/testing/infrastructure/main.tsx[0m:[93m22[0m:[93m40[0m - [91merror[0m[90m TS2322: [0mType 'import("/home/ez/code/work/xmlui/xmlui/src/components-core/theming/StyleRegistry").StyleRegistry' is not assignable to type 'import("/home/ez/code/work/xmlui/xmlui/dist/lib/xmlui").StyleRegistry'.
  Types have separate declarations of a private property '_generateCss'.

[7m22[0m   root.render(<TestBed key={renderKey} styleRegistry={stableStyleRegistry} />);
[7m  [0m [91m                                       ~~~~~~~~~~~~~[0m

  [96msrc/testing/infrastructure/TestBed.tsx[0m:[93m16[0m:[93m39[0m
    [7m16[0m function TestBed({ styleRegistry }: { styleRegistry?: StyleRegistry }) {
    [7m  [0m [96m                                      ~~~~~~~~~~~~~[0m
    The expected type comes from property 'styleRegistry' which is declared here on type 'IntrinsicAttributes & { styleRegistry?: StyleRegistry; }'
[96msrc/testing/infrastructure/main.tsx[0m:[93m36[0m:[93m42[0m - [91merror[0m[90m TS2322: [0mType 'import("/home/ez/code/work/xmlui/xmlui/src/components-core/theming/StyleRegistry").StyleRegistry' is not assignable to type 'import("/home/ez/code/work/xmlui/xmlui/dist/lib/xmlui").StyleRegistry'.
  Types have separate declarations of a private property '_generateCss'.

[7m36[0m     root.render(<TestBed key={renderKey} styleRegistry={stableStyleRegistry} />);
[7m  [0m [91m                                         ~~~~~~~~~~~~~[0m

  [96msrc/testing/infrastructure/TestBed.tsx[0m:[93m16[0m:[93m39[0m
    [7m16[0m function TestBed({ styleRegistry }: { styleRegistry?: StyleRegistry }) {
    [7m  [0m [96m                                      ~~~~~~~~~~~~~[0m
    The expected type comes from property 'styleRegistry' which is declared here on type 'IntrinsicAttributes & { styleRegistry?: StyleRegistry; }'

[vite:dts] Start rollup declaration files...
Analysis will use the bundled TypeScript version 5.9.3
[vite:dts] Declaration files built in 23655ms.

computing gzip size...
dist/standalone/xmlui-standalone.umd.js  6,195.29 kB │ gzip: 1,379.81 kB │ map: 15,801.36 kB

[33m[PLUGIN_TIMINGS] Warning:[0m Your build spent significant time in plugins. Here is a breakdown:
  - vite:dts (36%)
  - vite-plugin-svgr (33%)
  - vite:transform-yaml (15%)
  - vite:css (13%)
See https://rolldown.rs/options/checks#plugintimings for more details.

✓ built in 32.28s
