
> xmlui@0.12.29 build:for-node
> tsdown

[34mℹ[39m [34mtsdown v0.21.10[39m powered by [38;2;255;126;23mrolldown v1.0.0-rc.17[39m
[34mℹ[39m config file: [4m/home/ez/code/work/xmlui/xmlui/tsdown.config.ts[24m 
[34mℹ[39m [38;2;100;113;180m[vite-xmlui-plugin][39m entry: [38;2;100;113;180msrc/nodejs/vite-xmlui-plugin.ts[39m
[34mℹ[39m [38;2;100;113;180m[vite-xmlui-plugin][39m tsconfig: [38;2;100;113;180mtsconfig.json[39m
[34mℹ[39m [38;2;159;100;180m[xmlui-node][39m entry: [38;2;159;100;180msrc/nodejs/index.ts[39m
[34mℹ[39m [38;2;159;100;180m[xmlui-node][39m tsconfig: [38;2;159;100;180mtsconfig.json[39m
[34mℹ[39m [38;2;100;108;180m[xmlui bin][39m entry: [38;2;100;108;180msrc/nodejs/bin/index.ts[39m
[34mℹ[39m [38;2;100;108;180m[xmlui bin][39m tsconfig: [38;2;100;108;180mtsconfig.json[39m
[34mℹ[39m [38;2;100;122;180m[language-server][39m entry: [38;2;100;122;180msrc/language-server/server.ts[39m
[34mℹ[39m [38;2;100;122;180m[language-server][39m tsconfig: [38;2;100;122;180mtsconfig.json[39m
[34mℹ[39m Build start
[34mℹ[39m [38;2;100;122;180m[language-server][39m [33m[CJS][39m [2mdist/nodejs/[22m[32m[1mserver.d.cts[22m[39m  [2m0.10 kB[22m [2m│ gzip: 0.10 kB[22m
[34mℹ[39m [38;2;100;122;180m[language-server][39m [33m[CJS][39m 1 files, total: 0.10 kB
[33m[PLUGIN_TIMINGS] Warning:[0m Your build spent significant time in plugins. Here is a breakdown:
  - rolldown-plugin-dts:generate (66%)
  - tsdown:deps (33%)
See https://rolldown.rs/options/checks#plugintimings for more details.

[34mℹ[39m [38;2;159;100;180m[xmlui-node][39m [33m[CJS][39m [2mdist/nodejs/[22m[1mindex.cjs[22m  [2m1.59 MB[22m
[34mℹ[39m [38;2;159;100;180m[xmlui-node][39m [33m[CJS][39m 1 files, total: 1.59 MB
[34mℹ[39m [38;2;159;100;180m[xmlui-node][39m [33m[CJS][39m [2mdist/nodejs/[22m[32m[1mindex.d.cts[22m[39m  [2m1.46 kB[22m [2m│ gzip: 0.68 kB[22m
[34mℹ[39m [38;2;159;100;180m[xmlui-node][39m [33m[CJS][39m 1 files, total: 1.46 kB
src/components-core/rendering/ContainerUtils.ts (396:6) [33m[EMPTY_IMPORT_META] Warning:[0m `import.meta` may not be a valid syntax with the `cjs` output format.
     [38;5;246m╭[0m[38;5;246m─[0m[38;5;246m[[0m src/components-core/rendering/ContainerUtils.ts:396:7 [38;5;246m][0m
     [38;5;246m│[0m
 [38;5;246m396 │[0m [38;5;249m [0m[38;5;249m [0m[38;5;249mi[0m[38;5;249mf[0m[38;5;249m [0m[38;5;249m([0mimport.meta[38;5;249m.[0m[38;5;249me[0m[38;5;249mn[0m[38;5;249mv[0m[38;5;249m.[0m[38;5;249mD[0m[38;5;249mE[0m[38;5;249mV[0m[38;5;249m)[0m[38;5;249m [0m[38;5;249m{[0m
 [38;5;240m    │[0m       ─────┬─────  
 [38;5;240m    │[0m            ╰─────── This `import.meta` will be replaced with an empty object (`{}`) automatically. If this is desired, you can suppress this warning by adding `transform.define: { 'import.meta': {} }`. If `import.meta` needs to be kept as-is, you need to set the output format to `esm`.
[38;5;246m─────╯[0m

[33m[PLUGIN_TIMINGS] Warning:[0m Your build spent significant time in plugins. Here is a breakdown:
  - rolldown-plugin-dts:generate (66%)
  - tsdown:deps (33%)
See https://rolldown.rs/options/checks#plugintimings for more details.

src/logging/LoggerService.ts (9:20) [33m[EMPTY_IMPORT_META] Warning:[0m `import.meta` may not be a valid syntax with the `cjs` output format.
   [38;5;246m╭[0m[38;5;246m─[0m[38;5;246m[[0m src/logging/LoggerService.ts:9:21 [38;5;246m][0m
   [38;5;246m│[0m
 [38;5;246m9 │[0m [38;5;249m [0m[38;5;249m [0m[38;5;249m [0m[38;5;249m [0m[38;5;249mt[0m[38;5;249mh[0m[38;5;249mi[0m[38;5;249ms[0m[38;5;249m.[0m[38;5;249mi[0m[38;5;249ms[0m[38;5;249mD[0m[38;5;249me[0m[38;5;249mv[0m[38;5;249m [0m[38;5;249m=[0m[38;5;249m [0m[38;5;249m![0m[38;5;249m![0m[38;5;249m([0mimport.meta[38;5;249m.[0m[38;5;249me[0m[38;5;249mn[0m[38;5;249mv[0m[38;5;249m?[0m[38;5;249m.[0m[38;5;249mD[0m[38;5;249mE[0m[38;5;249mV[0m[38;5;249m [0m[38;5;249m|[0m[38;5;249m|[0m[38;5;249m [0m[38;5;249mi[0m[38;5;249mm[0m[38;5;249mp[0m[38;5;249mo[0m[38;5;249mr[0m[38;5;249mt[0m[38;5;249m.[0m[38;5;249mm[0m[38;5;249me[0m[38;5;249mt[0m[38;5;249ma[0m[38;5;249m.[0m[38;5;249me[0m[38;5;249mn[0m[38;5;249mv[0m[38;5;249m?[0m[38;5;249m.[0m[38;5;249mV[0m[38;5;249mI[0m[38;5;249mT[0m[38;5;249mE[0m[38;5;249m_[0m[38;5;249mX[0m[38;5;249mM[0m[38;5;249mL[0m[38;5;249mU[0m[38;5;249mI[0m[38;5;249m_[0m[38;5;249mD[0m[38;5;249mE[0m[38;5;249mV[0m[38;5;249m_[0m[38;5;249mM[0m[38;5;249mO[0m[38;5;249mD[0m[38;5;249mE[0m[38;5;249m)[0m[38;5;249m;[0m
 [38;5;240m  │[0m                     ─────┬─────  
 [38;5;240m  │[0m                          ╰─────── This `import.meta` will be replaced with an empty object (`{}`) automatically. If this is desired, you can suppress this warning by adding `transform.define: { 'import.meta': {} }`. If `import.meta` needs to be kept as-is, you need to set the output format to `esm`.
[38;5;246m───╯[0m

src/logging/LoggerService.ts (9:44) [33m[EMPTY_IMPORT_META] Warning:[0m `import.meta` may not be a valid syntax with the `cjs` output format.
   [38;5;246m╭[0m[38;5;246m─[0m[38;5;246m[[0m src/logging/LoggerService.ts:9:45 [38;5;246m][0m
   [38;5;246m│[0m
 [38;5;246m9 │[0m [38;5;249m [0m[38;5;249m [0m[38;5;249m [0m[38;5;249m [0m[38;5;249mt[0m[38;5;249mh[0m[38;5;249mi[0m[38;5;249ms[0m[38;5;249m.[0m[38;5;249mi[0m[38;5;249ms[0m[38;5;249mD[0m[38;5;249me[0m[38;5;249mv[0m[38;5;249m [0m[38;5;249m=[0m[38;5;249m [0m[38;5;249m![0m[38;5;249m![0m[38;5;249m([0m[38;5;249mi[0m[38;5;249mm[0m[38;5;249mp[0m[38;5;249mo[0m[38;5;249mr[0m[38;5;249mt[0m[38;5;249m.[0m[38;5;249mm[0m[38;5;249me[0m[38;5;249mt[0m[38;5;249ma[0m[38;5;249m.[0m[38;5;249me[0m[38;5;249mn[0m[38;5;249mv[0m[38;5;249m?[0m[38;5;249m.[0m[38;5;249mD[0m[38;5;249mE[0m[38;5;249mV[0m[38;5;249m [0m[38;5;249m|[0m[38;5;249m|[0m[38;5;249m [0mimport.meta[38;5;249m.[0m[38;5;249me[0m[38;5;249mn[0m[38;5;249mv[0m[38;5;249m?[0m[38;5;249m.[0m[38;5;249mV[0m[38;5;249mI[0m[38;5;249mT[0m[38;5;249mE[0m[38;5;249m_[0m[38;5;249mX[0m[38;5;249mM[0m[38;5;249mL[0m[38;5;249mU[0m[38;5;249mI[0m[38;5;249m_[0m[38;5;249mD[0m[38;5;249mE[0m[38;5;249mV[0m[38;5;249m_[0m[38;5;249mM[0m[38;5;249mO[0m[38;5;249mD[0m[38;5;249mE[0m[38;5;249m)[0m[38;5;249m;[0m
 [38;5;240m  │[0m                                             ─────┬─────  
 [38;5;240m  │[0m                                                  ╰─────── This `import.meta` will be replaced with an empty object (`{}`) automatically. If this is desired, you can suppress this warning by adding `transform.define: { 'import.meta': {} }`. If `import.meta` needs to be kept as-is, you need to set the output format to `esm`.
[38;5;246m───╯[0m

[33m[PLUGIN_TIMINGS] Warning:[0m Your build spent significant time in plugin `tsdown:deps`. See https://rolldown.rs/options/checks#plugintimings for more details.

[32m✔[39m [38;2;159;100;180m[xmlui-node][39m Build complete in [32m10518ms[39m
[34mℹ[39m [38;2;100;113;180m[vite-xmlui-plugin][39m Hint: consider adding [34mdeps.onlyBundle[39m option to avoid unintended bundling of dependencies, or set [34mdeps.onlyBundle: false[39m to disable this hint.
See more at [4mhttps://tsdown.dev/options/dependencies#deps-onlybundle[24m
Detected dependencies in bundle:
- [34mpicomatch[39m
- [34m@rollup/pluginutils[39m
[34mℹ[39m [38;2;100;122;180m[language-server][39m [33m[CJS][39m [2mdist/nodejs/[22m[1mserver.cjs[22m  [2m1.70 MB[22m
[34mℹ[39m [38;2;100;122;180m[language-server][39m [33m[CJS][39m 1 files, total: 1.70 MB
[34mℹ[39m [38;2;100;113;180m[vite-xmlui-plugin][39m [33m[CJS][39m [2mdist/nodejs/[22m[1mvite-xmlui-plugin.cjs[22m  [2m1.77 MB[22m
[34mℹ[39m [38;2;100;113;180m[vite-xmlui-plugin][39m [33m[CJS][39m 1 files, total: 1.77 MB
src/components-core/rendering/ContainerUtils.ts (396:6) [33m[EMPTY_IMPORT_META] Warning:[0m `import.meta` may not be a valid syntax with the `cjs` output format.
     [38;5;246m╭[0m[38;5;246m─[0m[38;5;246m[[0m src/components-core/rendering/ContainerUtils.ts:396:7 [38;5;246m][0m
     [38;5;246m│[0m
 [38;5;246m396 │[0m [38;5;249m [0m[38;5;249m [0m[38;5;249mi[0m[38;5;249mf[0m[38;5;249m [0m[38;5;249m([0mimport.meta[38;5;249m.[0m[38;5;249me[0m[38;5;249mn[0m[38;5;249mv[0m[38;5;249m.[0m[38;5;249mD[0m[38;5;249mE[0m[38;5;249mV[0m[38;5;249m)[0m[38;5;249m [0m[38;5;249m{[0m
 [38;5;240m    │[0m       ─────┬─────  
 [38;5;240m    │[0m            ╰─────── This `import.meta` will be replaced with an empty object (`{}`) automatically. If this is desired, you can suppress this warning by adding `transform.define: { 'import.meta': {} }`. If `import.meta` needs to be kept as-is, you need to set the output format to `esm`.
[38;5;246m─────╯[0m

src/components-core/rendering/ContainerUtils.ts (396:6) [33m[EMPTY_IMPORT_META] Warning:[0m `import.meta` may not be a valid syntax with the `cjs` output format.
     [38;5;246m╭[0m[38;5;246m─[0m[38;5;246m[[0m src/components-core/rendering/ContainerUtils.ts:396:7 [38;5;246m][0m
     [38;5;246m│[0m
 [38;5;246m396 │[0m [38;5;249m [0m[38;5;249m [0m[38;5;249mi[0m[38;5;249mf[0m[38;5;249m [0m[38;5;249m([0mimport.meta[38;5;249m.[0m[38;5;249me[0m[38;5;249mn[0m[38;5;249mv[0m[38;5;249m.[0m[38;5;249mD[0m[38;5;249mE[0m[38;5;249mV[0m[38;5;249m)[0m[38;5;249m [0m[38;5;249m{[0m
 [38;5;240m    │[0m       ─────┬─────  
 [38;5;240m    │[0m            ╰─────── This `import.meta` will be replaced with an empty object (`{}`) automatically. If this is desired, you can suppress this warning by adding `transform.define: { 'import.meta': {} }`. If `import.meta` needs to be kept as-is, you need to set the output format to `esm`.
[38;5;246m─────╯[0m

src/logging/LoggerService.ts (9:20) [33m[EMPTY_IMPORT_META] Warning:[0m `import.meta` may not be a valid syntax with the `cjs` output format.
   [38;5;246m╭[0m[38;5;246m─[0m[38;5;246m[[0m src/logging/LoggerService.ts:9:21 [38;5;246m][0m
   [38;5;246m│[0m
 [38;5;246m9 │[0m [38;5;249m [0m[38;5;249m [0m[38;5;249m [0m[38;5;249m [0m[38;5;249mt[0m[38;5;249mh[0m[38;5;249mi[0m[38;5;249ms[0m[38;5;249m.[0m[38;5;249mi[0m[38;5;249ms[0m[38;5;249mD[0m[38;5;249me[0m[38;5;249mv[0m[38;5;249m [0m[38;5;249m=[0m[38;5;249m [0m[38;5;249m![0m[38;5;249m![0m[38;5;249m([0mimport.meta[38;5;249m.[0m[38;5;249me[0m[38;5;249mn[0m[38;5;249mv[0m[38;5;249m?[0m[38;5;249m.[0m[38;5;249mD[0m[38;5;249mE[0m[38;5;249mV[0m[38;5;249m [0m[38;5;249m|[0m[38;5;249m|[0m[38;5;249m [0m[38;5;249mi[0m[38;5;249mm[0m[38;5;249mp[0m[38;5;249mo[0m[38;5;249mr[0m[38;5;249mt[0m[38;5;249m.[0m[38;5;249mm[0m[38;5;249me[0m[38;5;249mt[0m[38;5;249ma[0m[38;5;249m.[0m[38;5;249me[0m[38;5;249mn[0m[38;5;249mv[0m[38;5;249m?[0m[38;5;249m.[0m[38;5;249mV[0m[38;5;249mI[0m[38;5;249mT[0m[38;5;249mE[0m[38;5;249m_[0m[38;5;249mX[0m[38;5;249mM[0m[38;5;249mL[0m[38;5;249mU[0m[38;5;249mI[0m[38;5;249m_[0m[38;5;249mD[0m[38;5;249mE[0m[38;5;249mV[0m[38;5;249m_[0m[38;5;249mM[0m[38;5;249mO[0m[38;5;249mD[0m[38;5;249mE[0m[38;5;249m)[0m[38;5;249m;[0m
 [38;5;240m  │[0m                     ─────┬─────  
 [38;5;240m  │[0m                          ╰─────── This `import.meta` will be replaced with an empty object (`{}`) automatically. If this is desired, you can suppress this warning by adding `transform.define: { 'import.meta': {} }`. If `import.meta` needs to be kept as-is, you need to set the output format to `esm`.
[38;5;246m───╯[0m

src/logging/LoggerService.ts (9:20) [33m[EMPTY_IMPORT_META] Warning:[0m `import.meta` may not be a valid syntax with the `cjs` output format.
   [38;5;246m╭[0m[38;5;246m─[0m[38;5;246m[[0m src/logging/LoggerService.ts:9:21 [38;5;246m][0m
   [38;5;246m│[0m
 [38;5;246m9 │[0m [38;5;249m [0m[38;5;249m [0m[38;5;249m [0m[38;5;249m [0m[38;5;249mt[0m[38;5;249mh[0m[38;5;249mi[0m[38;5;249ms[0m[38;5;249m.[0m[38;5;249mi[0m[38;5;249ms[0m[38;5;249mD[0m[38;5;249me[0m[38;5;249mv[0m[38;5;249m [0m[38;5;249m=[0m[38;5;249m [0m[38;5;249m![0m[38;5;249m![0m[38;5;249m([0mimport.meta[38;5;249m.[0m[38;5;249me[0m[38;5;249mn[0m[38;5;249mv[0m[38;5;249m?[0m[38;5;249m.[0m[38;5;249mD[0m[38;5;249mE[0m[38;5;249mV[0m[38;5;249m [0m[38;5;249m|[0m[38;5;249m|[0m[38;5;249m [0m[38;5;249mi[0m[38;5;249mm[0m[38;5;249mp[0m[38;5;249mo[0m[38;5;249mr[0m[38;5;249mt[0m[38;5;249m.[0m[38;5;249mm[0m[38;5;249me[0m[38;5;249mt[0m[38;5;249ma[0m[38;5;249m.[0m[38;5;249me[0m[38;5;249mn[0m[38;5;249mv[0m[38;5;249m?[0m[38;5;249m.[0m[38;5;249mV[0m[38;5;249mI[0m[38;5;249mT[0m[38;5;249mE[0m[38;5;249m_[0m[38;5;249mX[0m[38;5;249mM[0m[38;5;249mL[0m[38;5;249mU[0m[38;5;249mI[0m[38;5;249m_[0m[38;5;249mD[0m[38;5;249mE[0m[38;5;249mV[0m[38;5;249m_[0m[38;5;249mM[0m[38;5;249mO[0m[38;5;249mD[0m[38;5;249mE[0m[38;5;249m)[0m[38;5;249m;[0m
 [38;5;240m  │[0m                     ─────┬─────  
 [38;5;240m  │[0m                          ╰─────── This `import.meta` will be replaced with an empty object (`{}`) automatically. If this is desired, you can suppress this warning by adding `transform.define: { 'import.meta': {} }`. If `import.meta` needs to be kept as-is, you need to set the output format to `esm`.
[38;5;246m───╯[0m

src/logging/LoggerService.ts (9:44) [33m[EMPTY_IMPORT_META] Warning:[0m `import.meta` may not be a valid syntax with the `cjs` output format.
   [38;5;246m╭[0m[38;5;246m─[0m[38;5;246m[[0m src/logging/LoggerService.ts:9:45 [38;5;246m][0m
   [38;5;246m│[0m
 [38;5;246m9 │[0m [38;5;249m [0m[38;5;249m [0m[38;5;249m [0m[38;5;249m [0m[38;5;249mt[0m[38;5;249mh[0m[38;5;249mi[0m[38;5;249ms[0m[38;5;249m.[0m[38;5;249mi[0m[38;5;249ms[0m[38;5;249mD[0m[38;5;249me[0m[38;5;249mv[0m[38;5;249m [0m[38;5;249m=[0m[38;5;249m [0m[38;5;249m![0m[38;5;249m![0m[38;5;249m([0m[38;5;249mi[0m[38;5;249mm[0m[38;5;249mp[0m[38;5;249mo[0m[38;5;249mr[0m[38;5;249mt[0m[38;5;249m.[0m[38;5;249mm[0m[38;5;249me[0m[38;5;249mt[0m[38;5;249ma[0m[38;5;249m.[0m[38;5;249me[0m[38;5;249mn[0m[38;5;249mv[0m[38;5;249m?[0m[38;5;249m.[0m[38;5;249mD[0m[38;5;249mE[0m[38;5;249mV[0m[38;5;249m [0m[38;5;249m|[0m[38;5;249m|[0m[38;5;249m [0mimport.meta[38;5;249m.[0m[38;5;249me[0m[38;5;249mn[0m[38;5;249mv[0m[38;5;249m?[0m[38;5;249m.[0m[38;5;249mV[0m[38;5;249mI[0m[38;5;249mT[0m[38;5;249mE[0m[38;5;249m_[0m[38;5;249mX[0m[38;5;249mM[0m[38;5;249mL[0m[38;5;249mU[0m[38;5;249mI[0m[38;5;249m_[0m[38;5;249mD[0m[38;5;249mE[0m[38;5;249mV[0m[38;5;249m_[0m[38;5;249mM[0m[38;5;249mO[0m[38;5;249mD[0m[38;5;249mE[0m[38;5;249m)[0m[38;5;249m;[0m
 [38;5;240m  │[0m                                             ─────┬─────  
 [38;5;240m  │[0m                                                  ╰─────── This `import.meta` will be replaced with an empty object (`{}`) automatically. If this is desired, you can suppress this warning by adding `transform.define: { 'import.meta': {} }`. If `import.meta` needs to be kept as-is, you need to set the output format to `esm`.
[38;5;246m───╯[0m

src/logging/LoggerService.ts (9:44) [33m[EMPTY_IMPORT_META] Warning:[0m `import.meta` may not be a valid syntax with the `cjs` output format.
   [38;5;246m╭[0m[38;5;246m─[0m[38;5;246m[[0m src/logging/LoggerService.ts:9:45 [38;5;246m][0m
   [38;5;246m│[0m
 [38;5;246m9 │[0m [38;5;249m [0m[38;5;249m [0m[38;5;249m [0m[38;5;249m [0m[38;5;249mt[0m[38;5;249mh[0m[38;5;249mi[0m[38;5;249ms[0m[38;5;249m.[0m[38;5;249mi[0m[38;5;249ms[0m[38;5;249mD[0m[38;5;249me[0m[38;5;249mv[0m[38;5;249m [0m[38;5;249m=[0m[38;5;249m [0m[38;5;249m![0m[38;5;249m![0m[38;5;249m([0m[38;5;249mi[0m[38;5;249mm[0m[38;5;249mp[0m[38;5;249mo[0m[38;5;249mr[0m[38;5;249mt[0m[38;5;249m.[0m[38;5;249mm[0m[38;5;249me[0m[38;5;249mt[0m[38;5;249ma[0m[38;5;249m.[0m[38;5;249me[0m[38;5;249mn[0m[38;5;249mv[0m[38;5;249m?[0m[38;5;249m.[0m[38;5;249mD[0m[38;5;249mE[0m[38;5;249mV[0m[38;5;249m [0m[38;5;249m|[0m[38;5;249m|[0m[38;5;249m [0mimport.meta[38;5;249m.[0m[38;5;249me[0m[38;5;249mn[0m[38;5;249mv[0m[38;5;249m?[0m[38;5;249m.[0m[38;5;249mV[0m[38;5;249mI[0m[38;5;249mT[0m[38;5;249mE[0m[38;5;249m_[0m[38;5;249mX[0m[38;5;249mM[0m[38;5;249mL[0m[38;5;249mU[0m[38;5;249mI[0m[38;5;249m_[0m[38;5;249mD[0m[38;5;249mE[0m[38;5;249mV[0m[38;5;249m_[0m[38;5;249mM[0m[38;5;249mO[0m[38;5;249mD[0m[38;5;249mE[0m[38;5;249m)[0m[38;5;249m;[0m
 [38;5;240m  │[0m                                             ─────┬─────  
 [38;5;240m  │[0m                                                  ╰─────── This `import.meta` will be replaced with an empty object (`{}`) automatically. If this is desired, you can suppress this warning by adding `transform.define: { 'import.meta': {} }`. If `import.meta` needs to be kept as-is, you need to set the output format to `esm`.
[38;5;246m───╯[0m

[33m[PLUGIN_TIMINGS] Warning:[0m Your build spent significant time in plugin `tsdown:deps`. See https://rolldown.rs/options/checks#plugintimings for more details.

[33m[PLUGIN_TIMINGS] Warning:[0m Your build spent significant time in plugin `tsdown:deps`. See https://rolldown.rs/options/checks#plugintimings for more details.

[32m✔[39m [38;2;100;122;180m[language-server][39m Build complete in [32m10628ms[39m
[34mℹ[39m [38;2;159;100;180m[xmlui-node][39m [34m[ESM][39m [2mdist/nodejs/[22m[1mindex.mjs[22m    [2m1.58 MB[22m
[34mℹ[39m [38;2;159;100;180m[xmlui-node][39m [34m[ESM][39m [2mdist/nodejs/[22m[32m[1mindex.d.mts[22m[39m  [2m1.46 kB[22m [2m│ gzip: 0.68 kB[22m
[34mℹ[39m [38;2;159;100;180m[xmlui-node][39m [34m[ESM][39m 2 files, total: 1.58 MB
[33m[PLUGIN_TIMINGS] Warning:[0m Your build spent significant time in plugins. Here is a breakdown:
  - tsdown:deps (46%)
  - rolldown-plugin-dts:generate (45%)
See https://rolldown.rs/options/checks#plugintimings for more details.

[32m✔[39m [38;2;159;100;180m[xmlui-node][39m Build complete in [32m10667ms[39m
[34mℹ[39m [38;2;100;113;180m[vite-xmlui-plugin][39m [33m[CJS][39m [2mdist/nodejs/[22m[32m[1mvite-xmlui-plugin.d.cts[22m[39m  [2m15.64 kB[22m [2m│ gzip: 5.50 kB[22m
[34mℹ[39m [38;2;100;113;180m[vite-xmlui-plugin][39m [33m[CJS][39m 1 files, total: 15.64 kB
[33m[PLUGIN_TIMINGS] Warning:[0m Your build spent significant time in plugins. Here is a breakdown:
  - rolldown-plugin-dts:generate (56%)
  - tsdown:deps (31%)
See https://rolldown.rs/options/checks#plugintimings for more details.

[32m✔[39m [38;2;100;113;180m[vite-xmlui-plugin][39m Build complete in [32m10692ms[39m
[34mℹ[39m [38;2;100;122;180m[language-server][39m [34m[ESM][39m [2mdist/nodejs/[22m[1mserver.mjs[22m    [2m1.70 MB[22m
[34mℹ[39m [38;2;100;122;180m[language-server][39m [34m[ESM][39m [2mdist/nodejs/[22m[32m[1mserver.d.mts[22m[39m  [2m0.10 kB[22m [2m│ gzip: 0.10 kB[22m
[34mℹ[39m [38;2;100;122;180m[language-server][39m [34m[ESM][39m 2 files, total: 1.70 MB
[33m[PLUGIN_TIMINGS] Warning:[0m Your build spent significant time in plugins. Here is a breakdown:
  - tsdown:deps (51%)
  - rolldown-plugin-dts:generate (43%)
See https://rolldown.rs/options/checks#plugintimings for more details.

[32m✔[39m [38;2;100;122;180m[language-server][39m Build complete in [32m10739ms[39m
[34mℹ[39m [38;2;100;108;180m[xmlui bin][39m Hint: consider adding [34mdeps.onlyBundle[39m option to avoid unintended bundling of dependencies, or set [34mdeps.onlyBundle: false[39m to disable this hint.
See more at [4mhttps://tsdown.dev/options/dependencies#deps-onlybundle[24m
Detected dependencies in bundle:
- [34mpicomatch[39m
- [34m@rollup/pluginutils[39m
[34mℹ[39m [38;2;100;113;180m[vite-xmlui-plugin][39m Hint: consider adding [34mdeps.onlyBundle[39m option to avoid unintended bundling of dependencies, or set [34mdeps.onlyBundle: false[39m to disable this hint.
See more at [4mhttps://tsdown.dev/options/dependencies#deps-onlybundle[24m
Detected dependencies in bundle:
- [34mpicomatch[39m
- [34m@rollup/pluginutils[39m
[34mℹ[39m [38;2;100;108;180m[xmlui bin][39m [34m[ESM][39m Granting execute permission to [4mdist/nodejs/bin/index.mjs[24m
[34mℹ[39m [38;2;100;108;180m[xmlui bin][39m [34m[ESM][39m [2mdist/nodejs/bin/[22m[1mindex.mjs[22m    [2m1.82 MB[22m
[34mℹ[39m [38;2;100;108;180m[xmlui bin][39m [34m[ESM][39m [2mdist/nodejs/bin/[22m[32m[1mindex.d.mts[22m[39m  [2m0.01 kB[22m [2m│ gzip: 0.03 kB[22m
[34mℹ[39m [38;2;100;108;180m[xmlui bin][39m [34m[ESM][39m 2 files, total: 1.82 MB
[33m[PLUGIN_TIMINGS] Warning:[0m Your build spent significant time in plugins. Here is a breakdown:
  - rolldown-plugin-dts:generate (66%)
  - tsdown:deps (29%)
See https://rolldown.rs/options/checks#plugintimings for more details.

[32m✔[39m [38;2;100;108;180m[xmlui bin][39m Build complete in [32m10769ms[39m
[34mℹ[39m [38;2;100;113;180m[vite-xmlui-plugin][39m [34m[ESM][39m [2mdist/nodejs/[22m[1mvite-xmlui-plugin.mjs[22m    [2m 1.76 MB[22m
[34mℹ[39m [38;2;100;113;180m[vite-xmlui-plugin][39m [34m[ESM][39m [2mdist/nodejs/[22m[32m[1mvite-xmlui-plugin.d.mts[22m[39m  [2m15.64 kB[22m [2m│ gzip: 5.50 kB[22m
[34mℹ[39m [38;2;100;113;180m[vite-xmlui-plugin][39m [34m[ESM][39m 2 files, total: 1.78 MB
[33m[PLUGIN_TIMINGS] Warning:[0m Your build spent significant time in plugins. Here is a breakdown:
  - rolldown-plugin-dts:generate (65%)
  - tsdown:deps (31%)
See https://rolldown.rs/options/checks#plugintimings for more details.

[32m✔[39m [38;2;100;113;180m[vite-xmlui-plugin][39m Build complete in [32m10773ms[39m
