
> xmlui@0.12.29 build:xmlui
> node --max-old-space-size=8192 ../node_modules/vite/bin/vite.js build --mode lib

vite v8.0.9 building client environment for lib...
[plugin rolldown:vite-resolve] Module "fs" has been externalized for browser compatibility, imported by "/home/ez/code/work/xmlui/xmlui/src/components-core/udc-sandbox/manifest.ts". See https://vite.dev/guide/troubleshooting.html#module-externalized-for-browser-compatibility for more details.
[plugin rolldown:vite-resolve] Module "path" has been externalized for browser compatibility, imported by "/home/ez/code/work/xmlui/xmlui/src/components-core/udc-sandbox/manifest.ts". See https://vite.dev/guide/troubleshooting.html#module-externalized-for-browser-compatibility for more details.
[2Ktransforming...âś“ 1274 modules transformed.
[lightningcss minify] 'export' is not recognized as a valid pseudo-class. Did you mean '::export' (pseudo-element) or is this a typo?
8688 |      z-index: 1;
8689 |    }
8690 |    :export {
     |     ^
8691 |      themeVars: '{"backgroundColor-List": "var(--xmlui-backgroundColor-List)", "backgroundColor-selected-List": "var(-...
8692 |    }
[lightningcss minify] 'export' is not recognized as a valid pseudo-class. Did you mean '::export' (pseudo-element) or is this a typo?
13161 |      background: var(--xmlui-color-primary-500);
13162 |    }
13163 |    :export {
      |     ^
13164 |      themeVars: "[]";
13165 |    }
[lightningcss minify] 'export' is not recognized as a valid pseudo-class. Did you mean '::export' (pseudo-element) or is this a typo?
13233 |      height: 100%;
13234 |    }
13235 |    :export {
      |     ^
13236 |      themeVars: '{"color-icon-Inspector": "var(--xmlui-color-icon-Inspector)", "backgroundColor-dialog-Inspector": "va...
13237 |    }
rendering chunks...

[vite:dts] Start generate declaration files...
[96msrc/components/Table/TableReact.tsx[0m:[93m67[0m:[93m13[0m - [91merror[0m[90m TS2428: [0mAll declarations of 'TableMeta' must have identical type parameters.

[7m67[0m   interface TableMeta<TData extends RowData> {
[7m  [0m [91m            ~~~~~~~~~[0m
[96msrc/components/Table/TableReact.tsx[0m:[93m72[0m:[93m13[0m - [91merror[0m[90m TS2428: [0mAll declarations of 'ColumnMeta' must have identical type parameters.

[7m72[0m   interface ColumnMeta<TData extends RowData, TValue> {
[7m  [0m [91m            ~~~~~~~~~~[0m
[96msrc/testing/infrastructure/main.tsx[0m:[93m22[0m:[93m40[0m - [91merror[0m[90m TS2322: [0mType 'import("/home/ez/code/work/xmlui/xmlui/src/components-core/theming/StyleRegistry").StyleRegistry' is not assignable to type 'import("/home/ez/code/work/xmlui/xmlui/dist/lib/xmlui").StyleRegistry'.
  Types have separate declarations of a private property '_generateCss'.

[7m22[0m   root.render(<TestBed key={renderKey} styleRegistry={stableStyleRegistry} />);
[7m  [0m [91m                                       ~~~~~~~~~~~~~[0m

  [96msrc/testing/infrastructure/TestBed.tsx[0m:[93m16[0m:[93m39[0m
    [7m16[0m function TestBed({ styleRegistry }: { styleRegistry?: StyleRegistry }) {
    [7m  [0m [96m                                      ~~~~~~~~~~~~~[0m
    The expected type comes from property 'styleRegistry' which is declared here on type 'IntrinsicAttributes & { styleRegistry?: StyleRegistry; }'
[96msrc/testing/infrastructure/main.tsx[0m:[93m36[0m:[93m42[0m - [91merror[0m[90m TS2322: [0mType 'import("/home/ez/code/work/xmlui/xmlui/src/components-core/theming/StyleRegistry").StyleRegistry' is not assignable to type 'import("/home/ez/code/work/xmlui/xmlui/dist/lib/xmlui").StyleRegistry'.
  Types have separate declarations of a private property '_generateCss'.

[7m36[0m     root.render(<TestBed key={renderKey} styleRegistry={stableStyleRegistry} />);
[7m  [0m [91m                                         ~~~~~~~~~~~~~[0m

  [96msrc/testing/infrastructure/TestBed.tsx[0m:[93m16[0m:[93m39[0m
    [7m16[0m function TestBed({ styleRegistry }: { styleRegistry?: StyleRegistry }) {
    [7m  [0m [96m                                      ~~~~~~~~~~~~~[0m
    The expected type comes from property 'styleRegistry' which is declared here on type 'IntrinsicAttributes & { styleRegistry?: StyleRegistry; }'

[vite:dts] Start rollup declaration files...
Analysis will use the bundled TypeScript version 5.9.3
Analysis will use the bundled TypeScript version 5.9.3
Analysis will use the bundled TypeScript version 5.9.3
Analysis will use the bundled TypeScript version 5.9.3
Analysis will use the bundled TypeScript version 5.9.3
[vite:dts] Declaration files built in 29192ms.

computing gzip size...
dist/lib/xmlui.css                               517.26 kB â”‚ gzip:  56.46 kB
dist/lib/chunk-DIVQf9iV.js                         0.69 kB â”‚ gzip:   0.44 kB
dist/lib/xmlui-parser.js                           1.32 kB â”‚ gzip:   0.67 kB
dist/lib/misc-utils-BBH6WUPY.js                    3.48 kB â”‚ gzip:   1.24 kB â”‚ map:    10.14 kB
dist/lib/syntax-monaco.js                         15.88 kB â”‚ gzip:   3.59 kB â”‚ map:    29.98 kB
dist/lib/initMock-DtwJBTG9.js                     19.00 kB â”‚ gzip:   5.73 kB â”‚ map:    51.79 kB
dist/lib/statementUtils-_hQq9uWZ.js               24.07 kB â”‚ gzip:   6.60 kB â”‚ map:    99.26 kB
dist/lib/testing.js                               37.99 kB â”‚ gzip:   8.88 kB â”‚ map:   123.05 kB
dist/lib/syntax-textmate.js                       48.13 kB â”‚ gzip:   4.44 kB â”‚ map:    65.40 kB
dist/lib/process-statement-common-DDRKktUO.js    116.71 kB â”‚ gzip:  26.35 kB â”‚ map:   364.18 kB
dist/lib/parser-B_OpmVka.js                      203.58 kB â”‚ gzip:  52.44 kB â”‚ map:   790.30 kB
dist/lib/apiInterceptorWorker-Cv5_Bw-d.js        259.70 kB â”‚ gzip:  82.22 kB â”‚ map:   654.82 kB
dist/lib/xmlui-parser-BhmaL-3e.js              1,321.23 kB â”‚ gzip: 183.60 kB â”‚ map: 1,846.64 kB
dist/lib/xmlui.js                              2,434.43 kB â”‚ gzip: 545.22 kB â”‚ map: 5,898.26 kB

[33m[PLUGIN_TIMINGS] Warning:[0m Your build spent significant time in plugins. Here is a breakdown:
  - vite-plugin-svgr (45%)
  - vite:css (29%)
  - vite:dts (15%)
  - vite:transform-yaml (10%)
See https://rolldown.rs/options/checks#plugintimings for more details.

âś“ built in 36.97s
