

> xmlui-devtools@0.1.22 build:meta
> xmlui build-lib --mode=metadata

[1G[0K[36mvite v7.1.12 [32mbuilding for production...[36m[39m
[2K[1Gtransforming (1) [2mmeta/componentsMetadata.ts[2K[1Gtransforming (6) [2mnode_modules/react-icons/h[2K[1Gtransforming (7) [2m../../xmlui/src/components[2K[1Gtransforming (25) [2mnode_modules/react-icons/[2K[1Gtransforming (52) [2m../../node_modules/@radix[2K[1Gtransforming (64) [2m../../node_modules/@monac[2K[1Gtransforming (83) [2m../../node_modules/react/[2K[1Gtransforming (91) [2m../../node_modules/react/[2K[1G[33m../../node_modules/react-helmet-async/lib/index.module.js (1:7186): A comment

"/*#__PURE__*/"

in "../../node_modules/react-helmet-async/lib/index.module.js" contains an annotation that Rollup cannot interpret due to the position of the comment. The comment will be removed to avoid issues.[39m
[2K[1G[33m../../node_modules/react-helmet-async/lib/index.module.js (1:13561): A comment

"/*#__PURE__*/"

in "../../node_modules/react-helmet-async/lib/index.module.js" contains an annotation that Rollup cannot interpret due to the position of the comment. The comment will be removed to avoid issues.[39m
[2K[1G[33m../../node_modules/framer-motion/dist/es/index.mjs (1:0): Module level directives cause errors when bundled, "use client" in "../../node_modules/framer-motion/dist/es/index.mjs" was ignored.[39m
[2K[1G[33m../../node_modules/@radix-ui/react-dialog/dist/index.mjs (1:0): Module level directives cause errors when bundled, "use client" in "../../node_modules/@radix-ui/react-dialog/dist/index.mjs" was ignored.[39m
[2K[1Gtransforming (105) [2m../../node_modules/@radi[2K[1G[33m../../node_modules/@radix-ui/react-dropdown-menu/dist/index.mjs (1:0): Module level directives cause errors when bundled, "use client" in "../../node_modules/@radix-ui/react-dropdown-menu/dist/index.mjs" was ignored.[39m
[2K[1G[33m../../node_modules/@tanstack/react-query/build/lib/useQuery.mjs (1:0): Module level directives cause errors when bundled, "use client" in "../../node_modules/@tanstack/react-query/build/lib/useQuery.mjs" was ignored.[39m
[2K[1G[33m../../node_modules/@tanstack/react-query/build/lib/QueryErrorResetBoundary.mjs (1:0): Module level directives cause errors when bundled, "use client" in "../../node_modules/@tanstack/react-query/build/lib/QueryErrorResetBoundary.mjs" was ignored.[39m
[2K[1G[33m../../node_modules/@tanstack/react-query/build/lib/useQueries.mjs (1:0): Module level directives cause errors when bundled, "use client" in "../../node_modules/@tanstack/react-query/build/lib/useQueries.mjs" was ignored.[39m
[2K[1G[33m../../node_modules/@tanstack/react-query/build/lib/Hydrate.mjs (1:0): Module level directives cause errors when bundled, "use client" in "../../node_modules/@tanstack/react-query/build/lib/Hydrate.mjs" was ignored.[39m
[2K[1G[33m../../node_modules/@tanstack/react-query/build/lib/useIsFetching.mjs (1:0): Module level directives cause errors when bundled, "use client" in "../../node_modules/@tanstack/react-query/build/lib/useIsFetching.mjs" was ignored.[39m
[2K[1G[33m../../node_modules/@tanstack/react-query/build/lib/useInfiniteQuery.mjs (1:0): Module level directives cause errors when bundled, "use client" in "../../node_modules/@tanstack/react-query/build/lib/useInfiniteQuery.mjs" was ignored.[39m
[2K[1G[33m../../node_modules/@tanstack/react-query/build/lib/isRestoring.mjs (1:0): Module level directives cause errors when bundled, "use client" in "../../node_modules/@tanstack/react-query/build/lib/isRestoring.mjs" was ignored.[39m
[2K[1G[33m../../node_modules/@tanstack/react-query/build/lib/useIsMutating.mjs (1:0): Module level directives cause errors when bundled, "use client" in "../../node_modules/@tanstack/react-query/build/lib/useIsMutating.mjs" was ignored.[39m
[2K[1G[33m../../node_modules/@tanstack/react-query/build/lib/useMutation.mjs (1:0): Module level directives cause errors when bundled, "use client" in "../../node_modules/@tanstack/react-query/build/lib/useMutation.mjs" was ignored.[39m
[2K[1Gtransforming (125) [2m../../node_modules/lodas[2K[1G[33m../../node_modules/@radix-ui/react-tabs/dist/index.mjs (1:0): Module level directives cause errors when bundled, "use client" in "../../node_modules/@radix-ui/react-tabs/dist/index.mjs" was ignored.[39m
[2K[1G[33m../../node_modules/@radix-ui/react-tooltip/dist/index.mjs (1:0): Module level directives cause errors when bundled, "use client" in "../../node_modules/@radix-ui/react-tooltip/dist/index.mjs" was ignored.[39m
[2K[1Gtransforming (461) [2m../../node_modules/@mona[2K[1G[33m../../node_modules/@tanstack/react-query/build/lib/QueryClientProvider.mjs (1:0): Module level directives cause errors when bundled, "use client" in "../../node_modules/@tanstack/react-query/build/lib/QueryClientProvider.mjs" was ignored.[39m
[2K[1Gtransforming (487) [2m../../node_modules/color[2K[1G[33m../../node_modules/framer-motion/dist/es/components/LayoutGroup/index.mjs (1:0): Module level directives cause errors when bundled, "use client" in "../../node_modules/framer-motion/dist/es/components/LayoutGroup/index.mjs" was ignored.[39m
[2K[1G[33m../../node_modules/framer-motion/dist/es/components/LazyMotion/index.mjs (1:0): Module level directives cause errors when bundled, "use client" in "../../node_modules/framer-motion/dist/es/components/LazyMotion/index.mjs" was ignored.[39m
[2K[1G[33m../../node_modules/framer-motion/dist/es/components/MotionConfig/index.mjs (1:0): Module level directives cause errors when bundled, "use client" in "../../node_modules/framer-motion/dist/es/components/MotionConfig/index.mjs" was ignored.[39m
[2K[1G[33m../../node_modules/framer-motion/dist/es/context/MotionConfigContext.mjs (1:0): Module level directives cause errors when bundled, "use client" in "../../node_modules/framer-motion/dist/es/context/MotionConfigContext.mjs" was ignored.[39m
[2K[1G[33m../../node_modules/framer-motion/dist/es/context/MotionContext/index.mjs (1:0): Module level directives cause errors when bundled, "use client" in "../../node_modules/framer-motion/dist/es/context/MotionContext/index.mjs" was ignored.[39m
[2K[1G[33m../../node_modules/framer-motion/dist/es/context/SwitchLayoutGroupContext.mjs (1:0): Module level directives cause errors when bundled, "use client" in "../../node_modules/framer-motion/dist/es/context/SwitchLayoutGroupContext.mjs" was ignored.[39m
[2K[1G[33m../../node_modules/framer-motion/dist/es/context/PresenceContext.mjs (1:0): Module level directives cause errors when bundled, "use client" in "../../node_modules/framer-motion/dist/es/context/PresenceContext.mjs" was ignored.[39m
[2K[1G[33m../../node_modules/framer-motion/dist/es/context/LayoutGroupContext.mjs (1:0): Module level directives cause errors when bundled, "use client" in "../../node_modules/framer-motion/dist/es/context/LayoutGroupContext.mjs" was ignored.[39m
[2K[1G[33m../../node_modules/@radix-ui/react-portal/dist/index.mjs (1:0): Module level directives cause errors when bundled, "use client" in "../../node_modules/@radix-ui/react-portal/dist/index.mjs" was ignored.[39m
[2K[1G[33m../../node_modules/@radix-ui/react-presence/dist/index.mjs (1:0): Module level directives cause errors when bundled, "use client" in "../../node_modules/@radix-ui/react-presence/dist/index.mjs" was ignored.[39m
[2K[1G[33m../../node_modules/@radix-ui/react-focus-guards/dist/index.mjs (1:0): Module level directives cause errors when bundled, "use client" in "../../node_modules/@radix-ui/react-focus-guards/dist/index.mjs" was ignored.[39m
[2K[1G[33m../../node_modules/@radix-ui/react-dismissable-layer/dist/index.mjs (1:0): Module level directives cause errors when bundled, "use client" in "../../node_modules/@radix-ui/react-dismissable-layer/dist/index.mjs" was ignored.[39m
[2K[1G[33m../../node_modules/@radix-ui/react-focus-scope/dist/index.mjs (1:0): Module level directives cause errors when bundled, "use client" in "../../node_modules/@radix-ui/react-focus-scope/dist/index.mjs" was ignored.[39m
[2K[1Gtransforming (588) [2m../../node_modules/react[2K[1G[33m../../node_modules/react-hot-toast/dist/index.mjs (1:0): Module level directives cause errors when bundled, "use client" in "../../node_modules/react-hot-toast/dist/index.mjs" was ignored.[39m
[2K[1G[33m../../node_modules/@tanstack/react-query/build/lib/reactBatchedUpdates.mjs (1:0): Module level directives cause errors when bundled, "use client" in "../../node_modules/@tanstack/react-query/build/lib/reactBatchedUpdates.mjs" was ignored.[39m
[2K[1G[33m../../node_modules/@tanstack/react-query/build/lib/useSyncExternalStore.mjs (1:0): Module level directives cause errors when bundled, "use client" in "../../node_modules/@tanstack/react-query/build/lib/useSyncExternalStore.mjs" was ignored.[39m
[2K[1G[33m../../node_modules/@tanstack/react-query/build/lib/errorBoundaryUtils.mjs (1:0): Module level directives cause errors when bundled, "use client" in "../../node_modules/@tanstack/react-query/build/lib/errorBoundaryUtils.mjs" was ignored.[39m
[2K[1G[33m../../node_modules/@radix-ui/react-menu/dist/index.mjs (1:0): Module level directives cause errors when bundled, "use client" in "../../node_modules/@radix-ui/react-menu/dist/index.mjs" was ignored.[39m
[2K[1G[33m../../node_modules/@tanstack/react-query/build/lib/useBaseQuery.mjs (1:0): Module level directives cause errors when bundled, "use client" in "../../node_modules/@tanstack/react-query/build/lib/useBaseQuery.mjs" was ignored.[39m
[2K[1Gtransforming (858) [2m../../node_modules/lodas[2K[1G[33m../../node_modules/@radix-ui/react-roving-focus/dist/index.mjs (1:0): Module level directives cause errors when bundled, "use client" in "../../node_modules/@radix-ui/react-roving-focus/dist/index.mjs" was ignored.[39m
[2K[1G[33m../../node_modules/@radix-ui/react-popper/dist/index.mjs (1:0): Module level directives cause errors when bundled, "use client" in "../../node_modules/@radix-ui/react-popper/dist/index.mjs" was ignored.[39m
[2K[1Gtransforming (1053) [2m../../node_modules/simp[2K[1Gtransforming (1059) [2m../../node_modules/simp[2K[1Gtransforming (1248) [2m../../node_modules/colo[2K[1G[33m../../node_modules/framer-motion/dist/es/context/LazyContext.mjs (1:0): Module level directives cause errors when bundled, "use client" in "../../node_modules/framer-motion/dist/es/context/LazyContext.mjs" was ignored.[39m
[2K[1G[33m../../node_modules/framer-motion/dist/es/components/Reorder/Item.mjs (1:0): Module level directives cause errors when bundled, "use client" in "../../node_modules/framer-motion/dist/es/components/Reorder/Item.mjs" was ignored.[39m
[2K[1G[33m../../node_modules/framer-motion/dist/es/components/Reorder/Group.mjs (1:0): Module level directives cause errors when bundled, "use client" in "../../node_modules/framer-motion/dist/es/components/Reorder/Group.mjs" was ignored.[39m
[2K[1G[33m../../node_modules/framer-motion/dist/es/motion/index.mjs (1:0): Module level directives cause errors when bundled, "use client" in "../../node_modules/framer-motion/dist/es/motion/index.mjs" was ignored.[39m
[2K[1G[33m../../node_modules/framer-motion/dist/es/components/AnimatePresence/index.mjs (1:0): Module level directives cause errors when bundled, "use client" in "../../node_modules/framer-motion/dist/es/components/AnimatePresence/index.mjs" was ignored.[39m
[2K[1Gtransforming (1256) [2m../../node_modules/@tan[2K[1Gtransforming (1286) [2m../../node_modules/loda[2K[1G[33m../../node_modules/@radix-ui/react-collection/dist/index.mjs (1:0): Module level directives cause errors when bundled, "use client" in "../../node_modules/@radix-ui/react-collection/dist/index.mjs" was ignored.[39m
[2K[1Gtransforming (1415) [2m../../node_modules/fram[2K[1G[33m../../node_modules/framer-motion/dist/es/context/ReorderContext.mjs (1:0): Module level directives cause errors when bundled, "use client" in "../../node_modules/framer-motion/dist/es/context/ReorderContext.mjs" was ignored.[39m
[2K[1G[33m../../node_modules/framer-motion/dist/es/motion/features/layout/MeasureLayout.mjs (1:0): Module level directives cause errors when bundled, "use client" in "../../node_modules/framer-motion/dist/es/motion/features/layout/MeasureLayout.mjs" was ignored.[39m
[2K[1G[33m../../node_modules/framer-motion/dist/es/components/AnimatePresence/PresenceChild.mjs (1:0): Module level directives cause errors when bundled, "use client" in "../../node_modules/framer-motion/dist/es/components/AnimatePresence/PresenceChild.mjs" was ignored.[39m
[2K[1Gtransforming (1520) [2m../../node_modules/date[2K[1Gtransforming (1602) [2m../../node_modules/msw/[2K[1G[33m../../node_modules/framer-motion/dist/es/components/AnimatePresence/PopChild.mjs (1:0): Module level directives cause errors when bundled, "use client" in "../../node_modules/framer-motion/dist/es/components/AnimatePresence/PopChild.mjs" was ignored.[39m
[2K[1Gtransforming (1688) [2m../../node_modules/@tan[2K[1Gtransforming (1735) [2m../../node_modules/@bun[2K[1Gtransforming (1835) [2m../../node_modules/loda[2K[1Gtransforming (1877) [2m../../node_modules/use-[2K[1Gtransforming (1895) [2m../../xmlui/src/compone[2K[1Gtransforming (1918) [2m../../node_modules/moti[2K[1Gtransforming (2099) [2m../../node_modules/get-[2K[1Gtransforming (2141) [2m../../node_modules/memo[2K[1Gtransforming (2237) [2m../../node_modules/grap[2K[1Gtransforming (2327) [2m../../xmlui/src/compone[2K[1Gtransforming (2341) [2m../../node_modules/sche[2K[1Gtransforming (2372) [2m../../node_modules/@esl[2K[1Gtransforming (2383) [2m../../node_modules/@pop[2K[1Gtransforming (2407) [2m../../node_modules/reac[2K[1G[33m../../node_modules/@radix-ui/react-radio-group/dist/index.mjs (1:0): Module level directives cause errors when bundled, "use client" in "../../node_modules/@radix-ui/react-radio-group/dist/index.mjs" was ignored.[39m
[2K[1Gtransforming (2427) [2m../../node_modules/reac[2K[1Gtransforming (2455) [2m../../node_modules/moti[2K[1Gtransforming (2483) [2m../../node_modules/reac[2K[1Gtransforming (2516) [2m../../xmlui/src/compone[2K[1Gtransforming (2533) [2m../../node_modules/@rad[2K[1G[33m../../node_modules/@radix-ui/react-hover-card/dist/index.mjs (1:0): Module level directives cause errors when bundled, "use client" in "../../node_modules/@radix-ui/react-hover-card/dist/index.mjs" was ignored.[39m
[2K[1G[33m../../node_modules/virtua/lib/index.js (1:0): Module level directives cause errors when bundled, "use client" in "../../node_modules/virtua/lib/index.js" was ignored.[39m
[2K[1G[33m../../node_modules/@radix-ui/react-popover/dist/index.mjs (1:0): Module level directives cause errors when bundled, "use client" in "../../node_modules/@radix-ui/react-popover/dist/index.mjs" was ignored.[39m
[2K[1Gtransforming (2580) [2m../../xmlui/src/compone[2K[1Gtransforming (2609) [2m../../node_modules/hast[2K[1G[33m../../node_modules/@radix-ui/react-accordion/dist/index.mjs (1:0): Module level directives cause errors when bundled, "use client" in "../../node_modules/@radix-ui/react-accordion/dist/index.mjs" was ignored.[39m
[2K[1Gtransforming (2644) [2m../../node_modules/use-[2K[1Gtransforming (2703) [2m../../node_modules/reac[2K[1G[33m../../node_modules/@radix-ui/react-slider/dist/index.mjs (1:0): Module level directives cause errors when bundled, "use client" in "../../node_modules/@radix-ui/react-slider/dist/index.mjs" was ignored.[39m
[2K[1G[33m../../node_modules/@radix-ui/react-collapsible/dist/index.mjs (1:0): Module level directives cause errors when bundled, "use client" in "../../node_modules/@radix-ui/react-collapsible/dist/index.mjs" was ignored.[39m
[2K[1Gtransforming (2781) [2m../../node_modules/embl[2K[1Gtransforming (2789) [2m../../node_modules/@rad[2K[1G[33m../../node_modules/@radix-ui/react-select/dist/index.mjs (1:0): Module level directives cause errors when bundled, "use client" in "../../node_modules/@radix-ui/react-select/dist/index.mjs" was ignored.[39m
[2K[1Gtransforming (2958) [2m../../node_modules/hast[2K[1Gtransforming (3031) [2m../../node_modules/reac[2K[1Gtransforming (3133) [2m../../node_modules/hast[2K[1Gtransforming (3180) [2m../../node_modules/qr.j[2K[1Gtransforming (3185) [2m../../node_modules/reac[2K[1Gtransforming (3496) [2m../../node_modules/hast[2K[1Gtransforming (3535) [2m../../node_modules/rech[2K[1Gtransforming (3737) [2m../../node_modules/even[2K[1Gtransforming (3881) [2m../../node_modules/loda[2K[1Gtransforming (4039) [2m../../node_modules/loda[2K[1Gtransforming (4128) [2m../../node_modules/dom-[2K[1Gtransforming (4210) [2m../../node_modules/loda[2K[1G[2K[1G[2K[1G[2K[1G[2K[1G[2K[1G[2K[1G[2K[1G[2K[1G[2K[1G[2K[1G[2K[1G[2K[1G[2K[1G[2K[1G[2K[1G[2K[1G[32m✓[39m 4236 modules transformed.
[2K[1Grendering chunks (1)...[2K[1G[2K[1Gcomputing gzip size (0)...[2K[1Gcomputing gzip size (1)...[2K[1Gcomputing gzip size (2)...[2K[1G[2mdist/[22m[35mxmlui-devtools-metadata.css  [39m[1m[2m0.00 kB[22m[1m[22m[2m │ gzip: 0.02 kB[22m
[2mdist/[22m[36mxmlui-devtools-metadata.js   [39m[1m[2m0.77 kB[22m[1m[22m[2m │ gzip: 0.43 kB[22m
[2K[1Grendering chunks (1)...[2K[1G[2K[1Gcomputing gzip size (1)...[2K[1Gcomputing gzip size (2)...[2K[1G[2mdist/[22m[35mxmlui-devtools-metadata.css      [39m[1m[2m0.00 kB[22m[1m[22m[2m │ gzip: 0.02 kB[22m
[2mdist/[22m[36mxmlui-devtools-metadata.umd.cjs  [39m[1m[2m0.91 kB[22m[1m[22m[2m │ gzip: 0.53 kB[22m
[32m✓ built in 20.78s[39m
[1G[0K⠙[1G[0K
