

> xmlui-docs-blocks@0.0.10 build:extension
> xmlui build-lib

[1G[0K[36mvite v8.0.9 [32mbuilding client environment for production...[36m[39m
[2K[1G[33m[plugin vite:transform-xmlui] [xmlui:type-contract] /src/layouts/FeaturedWithTabsLayout.xmlui: [value-not-in-enum] <Text> prop "variant": Value "info" is not one of: "abbr", "caption", "cite", "code", "deleted", "em", "inherit", "inserted", "keyboard", "marked", "mono", "paragraph", "placeholder", "sample", "secondary", "small", "sub", "strong", "subheading", "subtitle", "sup", "tableheading", "title", "var".[39m
[2K[1G[33m[plugin vite:transform-xmlui] [xmlui:type-contract] /src/layouts/FeaturedWithTabsLayout.xmlui: [value-not-in-enum] <Text> prop "variant": Value "description" is not one of: "abbr", "caption", "cite", "code", "deleted", "em", "inherit", "inserted", "keyboard", "marked", "mono", "paragraph", "placeholder", "sample", "secondary", "small", "sub", "strong", "subheading", "subtitle", "sup", "tableheading", "title", "var".[39m
[2K[1G[33m[plugin vite:transform-xmlui] [xmlui:type-contract] /src/layouts/FeaturedWithTabsLayout.xmlui: [value-not-in-enum] <Text> prop "variant": Value "blurb" is not one of: "abbr", "caption", "cite", "code", "deleted", "em", "inherit", "inserted", "keyboard", "marked", "mono", "paragraph", "placeholder", "sample", "secondary", "small", "sub", "strong", "subheading", "subtitle", "sup", "tableheading", "title", "var".[39m
[2K[1G[33m[plugin vite:transform-xmlui] [xmlui:type-contract] /src/layouts/FeaturedWithTabsLayout.xmlui: [value-not-in-enum] <Text> prop "variant": Value "info" is not one of: "abbr", "caption", "cite", "code", "deleted", "em", "inherit", "inserted", "keyboard", "marked", "mono", "paragraph", "placeholder", "sample", "secondary", "small", "sub", "strong", "subheading", "subtitle", "sup", "tableheading", "title", "var".[39m
[2K[1G[33m[plugin vite:transform-xmlui] [xmlui:type-contract] /src/layouts/FeaturedWithTabsLayout.xmlui: [value-not-in-enum] <Text> prop "variant": Value "description" is not one of: "abbr", "caption", "cite", "code", "deleted", "em", "inherit", "inserted", "keyboard", "marked", "mono", "paragraph", "placeholder", "sample", "secondary", "small", "sub", "strong", "subheading", "subtitle", "sup", "tableheading", "title", "var".[39m
[2K[1G[33m[plugin vite:transform-xmlui] [xmlui:type-contract] /src/layouts/FeaturedWithTabsLayout.xmlui: [value-not-in-enum] <Text> prop "variant": Value "blurb" is not one of: "abbr", "caption", "cite", "code", "deleted", "em", "inherit", "inserted", "keyboard", "marked", "mono", "paragraph", "placeholder", "sample", "secondary", "small", "sub", "strong", "subheading", "subtitle", "sup", "tableheading", "title", "var".[39m
[2K[1G[33m[plugin vite:transform-xmlui] [xmlui:type-contract] /src/layouts/FeaturedWithTabsLayout.xmlui: [value-not-in-enum] <Text> prop "variant": Value "info" is not one of: "abbr", "caption", "cite", "code", "deleted", "em", "inherit", "inserted", "keyboard", "marked", "mono", "paragraph", "placeholder", "sample", "secondary", "small", "sub", "strong", "subheading", "subtitle", "sup", "tableheading", "title", "var".[39m
[2K[1G[33m[plugin vite:transform-xmlui] [xmlui:type-contract] /src/layouts/FeaturedWithTabsLayout.xmlui: [value-not-in-enum] <Text> prop "variant": Value "description" is not one of: "abbr", "caption", "cite", "code", "deleted", "em", "inherit", "inserted", "keyboard", "marked", "mono", "paragraph", "placeholder", "sample", "secondary", "small", "sub", "strong", "subheading", "subtitle", "sup", "tableheading", "title", "var".[39m
[2K[1G[33m[plugin vite:transform-xmlui] [xmlui:type-contract] /src/layouts/FeaturedWithTabsLayout.xmlui: [value-not-in-enum] <Text> prop "variant": Value "blurb" is not one of: "abbr", "caption", "cite", "code", "deleted", "em", "inherit", "inserted", "keyboard", "marked", "mono", "paragraph", "placeholder", "sample", "secondary", "small", "sub", "strong", "subheading", "subtitle", "sup", "tableheading", "title", "var".[39m
[2K[1G[33m[plugin vite:transform-xmlui] [xmlui:type-contract] /src/layouts/FeaturedWithTabsLayout.xmlui: [value-not-in-enum] <Text> prop "variant": Value "info" is not one of: "abbr", "caption", "cite", "code", "deleted", "em", "inherit", "inserted", "keyboard", "marked", "mono", "paragraph", "placeholder", "sample", "secondary", "small", "sub", "strong", "subheading", "subtitle", "sup", "tableheading", "title", "var".[39m
[2K[1G[33m[plugin vite:transform-xmlui] [xmlui:type-contract] /src/layouts/FeaturedWithTabsLayout.xmlui: [value-not-in-enum] <Text> prop "variant": Value "blurb" is not one of: "abbr", "caption", "cite", "code", "deleted", "em", "inherit", "inserted", "keyboard", "marked", "mono", "paragraph", "placeholder", "sample", "secondary", "small", "sub", "strong", "subheading", "subtitle", "sup", "tableheading", "title", "var".[39m
[2K[1G[33m[plugin vite:transform-xmlui] [xmlui:type-contract] /src/layouts/FeaturedWithTabsLayout.xmlui: [value-not-in-enum] <Text> prop "variant": Value "info" is not one of: "abbr", "caption", "cite", "code", "deleted", "em", "inherit", "inserted", "keyboard", "marked", "mono", "paragraph", "placeholder", "sample", "secondary", "small", "sub", "strong", "subheading", "subtitle", "sup", "tableheading", "title", "var".[39m
[2K[1G[33m[plugin vite:transform-xmlui] [xmlui:type-contract] /src/layouts/FeaturedWithTabsLayout.xmlui: [value-not-in-enum] <Text> prop "variant": Value "blurb" is not one of: "abbr", "caption", "cite", "code", "deleted", "em", "inherit", "inserted", "keyboard", "marked", "mono", "paragraph", "placeholder", "sample", "secondary", "small", "sub", "strong", "subheading", "subtitle", "sup", "tableheading", "title", "var".[39m
[2Ktransforming (31) [2m../../node_modules/unified/index.js[0m[2K[1G[33m[plugin vite:transform-xmlui] [xmlui:type-contract] /src/docs/OverviewCard.xmlui: [id-unknown-prop] <HStack> has unknown prop "overflow".[39m
[2K[1G[33m[plugin vite:transform-xmlui] [xmlui:type-contract] /src/docs/DocumentPageNoTOC.xmlui: [id-unknown-prop] <Markdown> has unknown prop "data".[39m
[2K[1G[33m[plugin vite:transform-xmlui] [xmlui:type-contract] /src/docs/DocumentPage.xmlui: [id-unknown-prop] <Markdown> has unknown prop "data".[39m
[2K[1G[33m[plugin vite:transform-xmlui] [xmlui:a11y] /src/docs/ReleaseList.xmlui: [icon-only-button-no-label] Icon-only <Button> has no accessible label. Screen readers cannot identify this button. Suggestion: Add `aria-label="..."` or `label="..."` to describe the button's purpose.[39m
[2K[1G[33m[plugin vite:transform-xmlui] [xmlui:type-contract] /src/docs/ReleaseList.xmlui: [missing-required] <Badge> is missing required prop "value".[39m
[2K[1G[33m[plugin vite:transform-xmlui] [xmlui:type-contract] /src/layouts/BasicLayout.xmlui: [value-not-in-enum] <Text> prop "variant": Value "info" is not one of: "abbr", "caption", "cite", "code", "deleted", "em", "inherit", "inserted", "keyboard", "marked", "mono", "paragraph", "placeholder", "sample", "secondary", "small", "sub", "strong", "subheading", "subtitle", "sup", "tableheading", "title", "var".[39m
[2K[1G[33m[plugin vite:transform-xmlui] [xmlui:type-contract] /src/layouts/BasicLayout.xmlui: [value-not-in-enum] <Text> prop "variant": Value "blurb" is not one of: "abbr", "caption", "cite", "code", "deleted", "em", "inherit", "inserted", "keyboard", "marked", "mono", "paragraph", "placeholder", "sample", "secondary", "small", "sub", "strong", "subheading", "subtitle", "sup", "tableheading", "title", "var".[39m
[2Ktransforming (151) [2m../../node_modules/mdast-util-to-markdown/lib[2Ktransforming (152) [2m../../node_modules/@shikijs/vscode-textmate/d[2Ktransforming (479) [2m../../node_modules/micromark-util-subtokenize[2Ktransforming (590) [2m../../node_modules/stringify-entities/lib/uti[2Ktransforming (597) [2msrc/blog/Blog.module.scss[0m[2K[1G[33m[plugin vite:transform-xmlui] [xmlui:a11y] Build complete — accessibility diagnostics:
  1 warning(s)
  Run with accessibility="strict" to fail the build on must-have violations.[39m
[2K[1G[33m[plugin vite:transform-xmlui] [xmlui:type-contract] Build complete — 19 type-contract diagnostic(s):
  19 warning(s)
  id-unknown-prop: 3
  missing-required: 1
  value-not-in-enum: 15
  Run with typeContracts="strict" to fail the build on contract violations.[39m
[2K[32m✓[39m 600 modules transformed.
[2Krendering chunks (1)...[2Kcomputing gzip size...
[2K[2mdist/[0m[36mxmlui-docs-blocks.js  [39m[33m[1m1,041.01 kB[0m[39m[2m │ gzip: 191.74 kB[0m

[2K[1G[33m[33m[MIXED_EXPORTS] Warning:[0m Entry module "src/index.tsx" is using named (including "buildContentFromRuntime", "createCustomLanguageRegistry", "customLanguageRegistry", "default", "docsCodeHighlighter", "highlight", "markdownToPlainText", "shikiHighlighter", "z80AssemblyLanguage") and default exports together. Consumers of your bundle will have to use `xmlui-docs-blocks.default` to access the default export, which may not be what you want. Use `output.exports: "named"` to disable this warning.
[39m
[2K[1G[33m[33m[MISSING_GLOBAL_NAME] Warning:[0m No name was provided for external module "xmlui" in "output.globals" – guessing "xmlui".
[39m
[2K[1G[33m[plugin vite:transform-xmlui] [xmlui:type-contract] /src/docs/DocumentPageNoTOC.xmlui: [id-unknown-prop] <Markdown> has unknown prop "data".[39m
[2K[1G[33m[plugin vite:transform-xmlui] [xmlui:type-contract] /src/docs/OverviewCard.xmlui: [id-unknown-prop] <HStack> has unknown prop "overflow".[39m
[2K[1G[33m[plugin vite:transform-xmlui] [xmlui:type-contract] /src/layouts/FeaturedWithTabsLayout.xmlui: [value-not-in-enum] <Text> prop "variant": Value "info" is not one of: "abbr", "caption", "cite", "code", "deleted", "em", "inherit", "inserted", "keyboard", "marked", "mono", "paragraph", "placeholder", "sample", "secondary", "small", "sub", "strong", "subheading", "subtitle", "sup", "tableheading", "title", "var".[39m
[2K[1G[33m[plugin vite:transform-xmlui] [xmlui:type-contract] /src/layouts/FeaturedWithTabsLayout.xmlui: [value-not-in-enum] <Text> prop "variant": Value "description" is not one of: "abbr", "caption", "cite", "code", "deleted", "em", "inherit", "inserted", "keyboard", "marked", "mono", "paragraph", "placeholder", "sample", "secondary", "small", "sub", "strong", "subheading", "subtitle", "sup", "tableheading", "title", "var".[39m
[2K[1G[33m[plugin vite:transform-xmlui] [xmlui:type-contract] /src/layouts/FeaturedWithTabsLayout.xmlui: [value-not-in-enum] <Text> prop "variant": Value "blurb" is not one of: "abbr", "caption", "cite", "code", "deleted", "em", "inherit", "inserted", "keyboard", "marked", "mono", "paragraph", "placeholder", "sample", "secondary", "small", "sub", "strong", "subheading", "subtitle", "sup", "tableheading", "title", "var".[39m
[2K[1G[33m[plugin vite:transform-xmlui] [xmlui:type-contract] /src/layouts/FeaturedWithTabsLayout.xmlui: [value-not-in-enum] <Text> prop "variant": Value "info" is not one of: "abbr", "caption", "cite", "code", "deleted", "em", "inherit", "inserted", "keyboard", "marked", "mono", "paragraph", "placeholder", "sample", "secondary", "small", "sub", "strong", "subheading", "subtitle", "sup", "tableheading", "title", "var".[39m
[2K[1G[33m[plugin vite:transform-xmlui] [xmlui:type-contract] /src/layouts/FeaturedWithTabsLayout.xmlui: [value-not-in-enum] <Text> prop "variant": Value "description" is not one of: "abbr", "caption", "cite", "code", "deleted", "em", "inherit", "inserted", "keyboard", "marked", "mono", "paragraph", "placeholder", "sample", "secondary", "small", "sub", "strong", "subheading", "subtitle", "sup", "tableheading", "title", "var".[39m
[2K[1G[33m[plugin vite:transform-xmlui] [xmlui:type-contract] /src/layouts/FeaturedWithTabsLayout.xmlui: [value-not-in-enum] <Text> prop "variant": Value "blurb" is not one of: "abbr", "caption", "cite", "code", "deleted", "em", "inherit", "inserted", "keyboard", "marked", "mono", "paragraph", "placeholder", "sample", "secondary", "small", "sub", "strong", "subheading", "subtitle", "sup", "tableheading", "title", "var".[39m
[2K[1G[33m[plugin vite:transform-xmlui] [xmlui:type-contract] /src/layouts/FeaturedWithTabsLayout.xmlui: [value-not-in-enum] <Text> prop "variant": Value "info" is not one of: "abbr", "caption", "cite", "code", "deleted", "em", "inherit", "inserted", "keyboard", "marked", "mono", "paragraph", "placeholder", "sample", "secondary", "small", "sub", "strong", "subheading", "subtitle", "sup", "tableheading", "title", "var".[39m
[2K[1G[33m[plugin vite:transform-xmlui] [xmlui:type-contract] /src/layouts/FeaturedWithTabsLayout.xmlui: [value-not-in-enum] <Text> prop "variant": Value "description" is not one of: "abbr", "caption", "cite", "code", "deleted", "em", "inherit", "inserted", "keyboard", "marked", "mono", "paragraph", "placeholder", "sample", "secondary", "small", "sub", "strong", "subheading", "subtitle", "sup", "tableheading", "title", "var".[39m
[2K[1G[33m[plugin vite:transform-xmlui] [xmlui:type-contract] /src/layouts/FeaturedWithTabsLayout.xmlui: [value-not-in-enum] <Text> prop "variant": Value "blurb" is not one of: "abbr", "caption", "cite", "code", "deleted", "em", "inherit", "inserted", "keyboard", "marked", "mono", "paragraph", "placeholder", "sample", "secondary", "small", "sub", "strong", "subheading", "subtitle", "sup", "tableheading", "title", "var".[39m
[2K[1G[33m[plugin vite:transform-xmlui] [xmlui:type-contract] /src/layouts/FeaturedWithTabsLayout.xmlui: [value-not-in-enum] <Text> prop "variant": Value "info" is not one of: "abbr", "caption", "cite", "code", "deleted", "em", "inherit", "inserted", "keyboard", "marked", "mono", "paragraph", "placeholder", "sample", "secondary", "small", "sub", "strong", "subheading", "subtitle", "sup", "tableheading", "title", "var".[39m
[2K[1G[33m[plugin vite:transform-xmlui] [xmlui:type-contract] /src/layouts/FeaturedWithTabsLayout.xmlui: [value-not-in-enum] <Text> prop "variant": Value "blurb" is not one of: "abbr", "caption", "cite", "code", "deleted", "em", "inherit", "inserted", "keyboard", "marked", "mono", "paragraph", "placeholder", "sample", "secondary", "small", "sub", "strong", "subheading", "subtitle", "sup", "tableheading", "title", "var".[39m
[2K[1G[33m[plugin vite:transform-xmlui] [xmlui:type-contract] /src/layouts/FeaturedWithTabsLayout.xmlui: [value-not-in-enum] <Text> prop "variant": Value "info" is not one of: "abbr", "caption", "cite", "code", "deleted", "em", "inherit", "inserted", "keyboard", "marked", "mono", "paragraph", "placeholder", "sample", "secondary", "small", "sub", "strong", "subheading", "subtitle", "sup", "tableheading", "title", "var".[39m
[2K[1G[33m[plugin vite:transform-xmlui] [xmlui:type-contract] /src/layouts/FeaturedWithTabsLayout.xmlui: [value-not-in-enum] <Text> prop "variant": Value "blurb" is not one of: "abbr", "caption", "cite", "code", "deleted", "em", "inherit", "inserted", "keyboard", "marked", "mono", "paragraph", "placeholder", "sample", "secondary", "small", "sub", "strong", "subheading", "subtitle", "sup", "tableheading", "title", "var".[39m
[2K[1G[33m[plugin vite:transform-xmlui] [xmlui:type-contract] /src/layouts/BasicLayout.xmlui: [value-not-in-enum] <Text> prop "variant": Value "info" is not one of: "abbr", "caption", "cite", "code", "deleted", "em", "inherit", "inserted", "keyboard", "marked", "mono", "paragraph", "placeholder", "sample", "secondary", "small", "sub", "strong", "subheading", "subtitle", "sup", "tableheading", "title", "var".[39m
[2K[1G[33m[plugin vite:transform-xmlui] [xmlui:type-contract] /src/layouts/BasicLayout.xmlui: [value-not-in-enum] <Text> prop "variant": Value "blurb" is not one of: "abbr", "caption", "cite", "code", "deleted", "em", "inherit", "inserted", "keyboard", "marked", "mono", "paragraph", "placeholder", "sample", "secondary", "small", "sub", "strong", "subheading", "subtitle", "sup", "tableheading", "title", "var".[39m
[2Ktransforming (30) [2msrc/customHighlighter.ts[0m[2K[1G[33m[plugin vite:transform-xmlui] [xmlui:type-contract] /src/docs/DocumentPage.xmlui: [id-unknown-prop] <Markdown> has unknown prop "data".[39m
[2K[1G[33m[plugin vite:transform-xmlui] [xmlui:a11y] /src/docs/ReleaseList.xmlui: [icon-only-button-no-label] Icon-only <Button> has no accessible label. Screen readers cannot identify this button. Suggestion: Add `aria-label="..."` or `label="..."` to describe the button's purpose.[39m
[2K[1G[33m[plugin vite:transform-xmlui] [xmlui:type-contract] /src/docs/ReleaseList.xmlui: [missing-required] <Badge> is missing required prop "value".[39m
[2Ktransforming (82) [2m../../node_modules/mdast-util-to-markdown/inde[2Ktransforming (83) [2m../../node_modules/unified/lib/callable-instan[2Ktransforming (364) [2m../../node_modules/shiki/node_modules/@shikij[2Ktransforming (580) [2m../../node_modules/unist-util-is/lib/index.js[2Ktransforming (587) [2m../../node_modules/hast-util-whitespace/lib/i[2K[1G[33m[plugin vite:transform-xmlui] [xmlui:a11y] Build complete — accessibility diagnostics:
  2 warning(s)
  Run with accessibility="strict" to fail the build on must-have violations.[39m
[2K[1G[33m[plugin vite:transform-xmlui] [xmlui:type-contract] Build complete — 38 type-contract diagnostic(s):
  38 warning(s)
  id-unknown-prop: 6
  missing-required: 2
  value-not-in-enum: 30
  Run with typeContracts="strict" to fail the build on contract violations.[39m
[2K[32m✓[39m 600 modules transformed.
[2Krendering chunks (1)...[2Kcomputing gzip size...
[2K[2mdist/[0m[35mindex.css              [39m[2m[1m    7.13 kB[0m[0m[2m │ gzip:   1.86 kB[0m
[2mdist/[0m[36mxmlui-docs-blocks.mjs  [39m[33m[1m1,332.89 kB[0m[39m[2m │ gzip: 212.59 kB[0m

[32m✓ built in 3.03s[39m
[1G[0K⠙[1G[0K
